<?xml version="1.0" encoding="UTF-8"?>
<testsuite xmlns:xsi="http://www.w3.org/2001/XMLSchema-instance" xsi:noNamespaceSchemaLocation="https://maven.apache.org/surefire/maven-surefire-plugin/xsd/surefire-test-report.xsd" name="TestSuite" time="30.611" tests="6" errors="0" skipped="0" failures="4">
  <properties>
[...]
</properties>
  <testcase name="addComment" classname="features.testng.jira.testJira" time="15.414">
    <failure message="1 expectation failed.&#10;Expected status code &lt;201&gt; but was &lt;401&gt;.&#10;" type="java.lang.AssertionError"><![CDATA[java.lang.AssertionError: 
1 expectation failed.
Expected status code <201> but was <401>.

	at features.testng.jira.testJira.addComment(testJira.java:144)
]]></failure>
    <system-out><![CDATA[[TestNGContentHandler] [WARN] It is strongly recommended to add "<!DOCTYPE suite SYSTEM "http://testng.org/testng-1.0.dtd" >" at the top of your file, otherwise TestNG may fail or not work as expected.
Request method:	POST
Request URI:	https://testingvn.atlassian.net/rest/api/2/issue/API1-33/comment
Proxy:			<none>
Request params:	<none>
Query params:	<none>
Form params:	<none>
Path params:	<none>
Headers:		Authorization=Basic YXBpQHRlc3RpbmcuZWR1LnZuOm9aUEdOUmhQZ2sxakE2ZlJYMjlLRjNCQg==
				Accept=*/*
				Content-Type=application/json; charset=UTF-8
Cookies:		<none>
Multiparts:		<none>
Body:
{
    "body": "Comment added"
}
HTTP/1.1 401 Unauthorized
Server: Atlassian Proxy/0.1.266
WWW-Authenticate: OAuth realm="https%3A%2F%2Ftestingvn.atlassian.net"
Content-Type: text/html;charset=UTF-8
Strict-Transport-Security: max-age=315360000; includeSubDomains; preload
Date: Sat, 23 Jun 2018 15:47:16 GMT
X-AREQUESTID: b98a75da-abc6-486d-9966-d1c70c3dddd3
X-XSS-Protection: 1; mode=block
transfer-encoding: chunked
X-Content-Type-Options: nosniff
Connection: keep-alive

<html>
  <head>
    <title>Unauthorized (401)</title>
    <script type="text/javascript">
    var contextPath = '';
    var DeferScripts = { deferState: 'disabled' };
</script>
    <script>
window.WRM=window.WRM||{};window.WRM._unparsedData=window.WRM._unparsedData||{};window.WRM._unparsedErrors=window.WRM._unparsedErrors||{};
WRM._unparsedData["com.atlassian.plugins.atlassian-plugins-webresource-plugin:context-path.context-path"]="\"\"";
WRM._unparsedData["com.atlassian.plugins.atlassian-plugins-webresource-rest:curl.cross-origin-resources"]="false";
WRM._unparsedData["jira.webresources:feature-flags.feature-flag-data"]="{\"enabled-feature-keys\":[\"jira.plugin.devstatus.smartcommits.dvcs.enabled\",\"nps.survey.inline.dialog\",\"com.atlassian.jira.plugins.mail.internal.enabled\",\"sd.new.settings.sidebar.location\",\"atlassian.rest.xsrf.legacy.enabled\",\"dvcs.connector.smartcommits.disabled\",\"unified.usermanagement\",\"com.atlassian.jira.projects.issuenavigator\",\"jira.issue.search.jql.indexprimary.enabled\",\"jira.issue.search.api.indexprimary.enabled\",\"com.atlassian.jira.projects.issue.summary.vignettes\",\"atlassian.aui.raphael.disabled\",\"fusion.dvcs.use_amq_for_executors.enabled\",\"com.atlassian.jira.config.CoreFeatures.PERMISSIONS_MANAGED_BY_UM\",\"com.atlassian.jira.projects.ProjectCentricNavigation.Switch\",\"com.atlassian.jira.config.CoreFeatures.ON_DEMAND\",\"atlassian.plugin.aci.enabled\",\"connect.no-applinks\",\"fusion.dvcs.use_amq_to_invoke_sync.enabled\",\"jira.baseurl.cdn.enabled\",\"fusion.bitbucket.rebrand\",\"com.atlassian.portfolio.integrations.ClassicPlans.disabled\",\"connect.authentication.oauth2.impersonation\",\"sd.email.mailbox.poppy.migration.poppyonly.enabled\",\"dvcs.connector.repositorydao.ao.enabled\",\"fusion.devstatus.devsummary.customfield.jql.enabled\"],\"feature-flag-states\":{\"sd.sla.agent.jql.security.restricted\":true,\"jira.feature.flag.board.issue.modal.labs\":true,\"sd.test.feature.flag.x\":true,\"sd.test.feature.flag.y\":false,\"jira.issue.search.api.databaseonly\":false,\"sd.email.channel.folders\":false,\"jira.issue.search.jql.databaseonly\":false,\"jira.mail.default.mailstore.polling\":true,\"com.atlassian.jira.plugins.mail.size.check\":true,\"jira.instrumentation.laas\":false,\"jira.issue.search.jql.issuepicker.killswitch\":false,\"sd.new.settings.sidebar.location\":true,\"jira.feature.rest.single.step.avatar.upload\":true,\"sd.email.outsider.comments\":false,\"sd.email.add.user.cc\":true,\"jira.login.useBasicAuthFilter\":true,\"jira.ondemand.maintain.trusted.apps\":true,\"jira.mail.fake.default.mail.server\":false,\"jira.issue.search.jql.anonymize\":true,\"com.atlassian.jira.plugins.mail.internal\":false,\"com.atlassian.jira.feature.flag.for.TestFeatureFlagResource\":false,\"com.atlassian.jira.plugins.mail.amq\":true,\"sd.global.portal.search.atlassian.only.tracking\":false,\"jira.feature.flag.board.polling\":true,\"issue.collector.cache.limiter\":true}}";
WRM._unparsedData["jira.webresources:simplified-ux-feature-flags.feature-flag-data"]="{\"isBacklogViewPlanSprintXflowEnabled\":true,\"isGlobalSidebarEnabled\":true,\"isAdg3NewProjectAvatarsEnabled\":true,\"isUserDiscoveryEnabled\":false,\"isGlobalSettingsLandingPageEnable\":false,\"isNewExperienceMenuEnabled\":false,\"isOptinDismissed\":false,\"isUmuxLiteInAdg2Enabled\":false,\"isFiltersDirectoryVersion2Enabled\":false,\"isProjectDirectoryVersion2Enabled\":false,\"isAdg3FeatureStateCheckerEnabled\":false,\"isStickyQuickfilterFixEnabled\":false,\"isUserOptedInSkipped\":false,\"isAgilityProjectFeaturesAllowed\":true,\"isAdg3StylesEnabled\":true,\"isGinFilterDetailsDialogEnabled\":false,\"isChangeboardingOptional\":false,\"isAdg3PINEnabled\":false,\"isUnusedUserPreferencesHidden\":true,\"isPeopleProfileEnabled\":false,\"isProjectLandingEnabled\":false,\"isAdg3ProfilecardEnabled\":true,\"isGraduationWarningVisible\":false,\"isVersionsPageOn\":true,\"isImportIssueButtonEnabled\":true,\"isXflowPagesEnabled\":true,\"isOnboardingProjectSwitcherEnabled\":true,\"isLabsEnabled\":true,\"isOptOutEnabled\":false,\"isUserOptedIn\":false,\"isAdg3ModeOn\":true,\"isOptInEnabled\":false}";
WRM._unparsedData["jira.webresources:default-comment-security-level.DefaultCommentSecurityLevelHelpLink"]="{\"extraClasses\":\"default-comment-level-help\",\"title\":\"Commenting on an Issue\",\"url\":\"https://confluence.atlassian.com/display/JIRACORECLOUD/Editing+and+collaborating+on+issues#Editingandcollaboratingonissues-addcommentsCommentingonissues\",\"isLocal\":false}";
WRM._unparsedData["com.atlassian.jira.jira-client-analytics-plugin:analytics-context-provider.client-analytic-descriptors"]="{\"analyticsResource\":{\"jira-core\":{\"events\":{\"issue.comment.added\":{\"trigger\":\"click #issue-comment-add-submit\",\"properties\":{\"comment-length\":\"value.length #issue-comment-add #comment\"}}}}},\"tenantId\":\"0c11e32a-d58c-43ea-8861-e0709ae10396\",\"env\":\"prod\"}";
WRM._unparsedData["jira.webresources:key-commands.shortcuts"]="[{\"moduleKey\":\"go-to-dashboard-kb-shortcut\",\"keys\":[[\"g\",\"d\"]],\"context\":\"global\",\"op\":\"goTo\",\"param\":\"/secure/Dashboard.jspa\"},{\"moduleKey\":\"browse-project-kb-shortcut\",\"keys\":[[\"g\",\"p\"]],\"context\":\"global\",\"op\":\"execute\",\"param\":\"var elem = jQuery(\\\"#browse_link\\\");\\n                if (elem.length \u003e 0) {\\n                    window.location.href = elem.attr(\\\"href\\\");\\n                }\"},{\"moduleKey\":\"issue-navigator-kb-shortcut\",\"keys\":[[\"g\",\"i\"]],\"context\":\"global\",\"op\":\"execute\",\"param\":\"var elem = jQuery(\\\"#find_link\\\");\\n                if (elem.length \u003e 0) {\\n                    window.location.href = elem.attr(\\\"href\\\");\\n                }\"},{\"moduleKey\":\"admin.quicksearch.dialog.shortcut\",\"keys\":[[\"g\",\"g\"]],\"context\":\"global\",\"op\":\"execute\",\"param\":\"if (AJS.Meta.get(\'admin-quicksearch-show\')) {\\n              JIRA.Shifter.show(\'admin\');\\n            }\"},{\"moduleKey\":\"quicksearch\",\"keys\":[[\"/\"]],\"context\":\"global\",\"op\":\"moveToAndFocus\",\"param\":\"#quickSearchInput, #admin-quick-nav-field\"},{\"moduleKey\":\"create.issue\",\"keys\":[[\"c\"]],\"context\":\"global\",\"op\":\"moveToAndClick\",\"param\":\"#header .create-issue\"},{\"moduleKey\":\"shifter\",\"keys\":[[\".\"]],\"context\":\"global\",\"op\":\"execute\",\"param\":\"JIRA.Shifter.show();\"},{\"moduleKey\":\"help\",\"keys\":[[\"?\"]],\"context\":\"global\",\"op\":\"click\",\"param\":\"#keyshortscuthelp\"}]";
WRM._unparsedData["com.atlassian.plugins.atlassian-connect-plugin:dialog-options.data"]="{\"allJsVersion\":\"1.2.0\",\"dialogOptions\":{},\"inlineDialogOptions\":{},\"dialogModules\":{\"com.atlassian.jira.chat\":{\"stride-create-room-dialog\":{\"url\":\"/static/jiraOldDedicatedRoomsConfig/?issueKey={issue.key}\",\"options\":{\"height\":\"650\",\"header\":{\"value\":\"Title\"},\"width\":\"548\"},\"key\":\"stride-create-room-dialog\"}}}}";
WRM._unparsedData["com.atlassian.plugins.atlassian-connect-plugin:jira-date-picker-widget.config"]="{\"dateFormat\":\"%e/%b/%y\",\"dateTimeFormat\":\"%e/%b/%y %I:%M %p\",\"timeFormat\":\"12\",\"firstDay\":1,\"useISO8601WeekNumbers\":false}";
WRM._unparsedData["com.atlassian.product.fabric.pf-jira-confluence-integration-plugin:app-switcher-initial-resources.cloud-id"]="\"0c11e32a-d58c-43ea-8861-e0709ae10396\"";
WRM._unparsedData["com.atlassian.product.fabric.pf-jira-confluence-integration-plugin:app-switcher-initial-resources.is-anonymous"]="true";
WRM._unparsedData["jira.webresources:dateFormatProvider.dateFormat"]="{\"meridiem\":[\"AM\",\"PM\"],\"eras\":[\"BC\",\"AD\"],\"months\":[\"January\",\"February\",\"March\",\"April\",\"May\",\"June\",\"July\",\"August\",\"September\",\"October\",\"November\",\"December\"],\"monthsShort\":[\"Jan\",\"Feb\",\"Mar\",\"Apr\",\"May\",\"Jun\",\"Jul\",\"Aug\",\"Sep\",\"Oct\",\"Nov\",\"Dec\"],\"weekdaysShort\":[\"Sun\",\"Mon\",\"Tue\",\"Wed\",\"Thu\",\"Fri\",\"Sat\"],\"weekdays\":[\"Sunday\",\"Monday\",\"Tuesday\",\"Wednesday\",\"Thursday\",\"Friday\",\"Saturday\"]}";
WRM._unparsedData["com.atlassian.servicedesk.frontend-webpack-plugin:data-provider.webpack-meta"]="{\"locale\":\"en-US\",\"publicPath\":\"//d3nacp1kuyzyay.cloudfront.net/atl-vertigo--shard-jira-prod-us-1--3--jres.atlassian.net/s/-30jg3x/b/6/1000.3954.0/_/download/resources/com.atlassian.servicedesk.frontend-webpack-plugin:webpack-async-chunks/\"}";
WRM._unparsedData["com.atlassian.applinks.applinks-plugin:applinks-common-exported.applinks-help-paths"]="{\"entries\":{\"applinks.docs.root\":\"https://confluence.atlassian.com/display/APPLINKS-062/\",\"applinks.docs.diagnostics.troubleshoot.sslunmatched\":\"SSL+and+application+link+troubleshooting+guide\",\"applinks.docs.diagnostics.troubleshoot.oauthsignatureinvalid\":\"OAuth+troubleshooting+guide\",\"applinks.docs.diagnostics.troubleshoot.oauthtimestamprefused\":\"OAuth+troubleshooting+guide\",\"applinks.docs.delete.entity.link\":\"Create+links+between+projects\",\"applinks.docs.adding.application.link\":\"Link+Atlassian+applications+to+work+together\",\"applinks.docs.administration.guide\":\"Application+Links+Documentation\",\"applinks.docs.oauth.security\":\"OAuth+security+for+application+links\",\"applinks.docs.troubleshoot.application.links\":\"Troubleshoot+application+links\",\"applinks.docs.diagnostics.troubleshoot.unknownerror\":\"Network+and+connectivity+troubleshooting+guide\",\"applinks.docs.configuring.auth.trusted.apps\":\"Configuring+Trusted+Applications+authentication+for+an+application+link\",\"applinks.docs.diagnostics.troubleshoot.authlevelunsupported\":\"OAuth+troubleshooting+guide\",\"applinks.docs.diagnostics.troubleshoot.ssluntrusted\":\"SSL+and+application+link+troubleshooting+guide\",\"applinks.docs.diagnostics.troubleshoot.unknownhost\":\"Network+and+connectivity+troubleshooting+guide\",\"applinks.docs.delete.application.link\":\"Link+Atlassian+applications+to+work+together\",\"applinks.docs.link.applications\":\"Link+Atlassian+applications+to+work+together\",\"applinks.docs.diagnostics.troubleshoot.oauthproblem\":\"OAuth+troubleshooting+guide\",\"applinks.docs.diagnostics.troubleshoot.migration\":\"Update+application+links+to+use+OAuth\",\"applinks.docs.relocate.application.link\":\"Link+Atlassian+applications+to+work+together\",\"applinks.docs.administering.entity.links\":\"Create+links+between+projects\",\"applinks.docs.upgrade.application.link\":\"OAuth+security+for+application+links\",\"applinks.docs.diagnostics.troubleshoot.connectionrefused\":\"Network+and+connectivity+troubleshooting+guide\",\"applinks.docs.configuring.auth.oauth\":\"OAuth+security+for+application+links\",\"applinks.docs.insufficient.remote.permission\":\"OAuth+security+for+application+links\",\"applinks.docs.configuring.application.link.auth\":\"OAuth+security+for+application+links\",\"applinks.docs.diagnostics\":\"Application+links+diagnostics\",\"applinks.docs.configured.authentication.types\":\"OAuth+security+for+application+links\",\"applinks.docs.adding.entity.link\":\"Create+links+between+projects\",\"applinks.docs.diagnostics.troubleshoot.unexpectedresponse\":\"Network+and+connectivity+troubleshooting+guide\",\"applinks.docs.configuring.auth.basic\":\"Configuring+Basic+HTTP+Authentication+for+an+Application+Link\",\"applinks.docs.diagnostics.troubleshoot.authlevelmismatch\":\"OAuth+troubleshooting+guide\"}}";
WRM._unparsedData["com.atlassian.applinks.applinks-plugin:applinks-common-exported.applinks-types"]="{\"crowd\":\"Crowd\",\"confluence\":\"Confluence\",\"remote.plugin.container\":\"Atlassian Connect\",\"fecru\":\"FishEye / Crucible\",\"stash\":\"Stash\",\"jira\":\"JIRA\",\"bamboo\":\"Bamboo\",\"generic\":\"Generic Application\"}";
WRM._unparsedData["com.atlassian.applinks.applinks-plugin:applinks-common-exported.entity-types"]="{\"singular\":{\"fecru.project\":\"Crucible Project\",\"fecru.repository\":\"FishEye Repository\",\"stash.project\":\"Stash Project\",\"generic.entity\":\"Generic Project\",\"confluence.space\":\"Confluence Space\",\"bamboo.project\":\"Bamboo Project\",\"jira.project\":\"JIRA Project\"},\"plural\":{\"fecru.project\":\"Crucible Projects\",\"fecru.repository\":\"FishEye Repositories\",\"stash.project\":\"Stash Projects\",\"generic.entity\":\"Generic Projects\",\"confluence.space\":\"Confluence Spaces\",\"bamboo.project\":\"Bamboo Projects\",\"jira.project\":\"JIRA Projects\"}}";
WRM._unparsedData["com.atlassian.applinks.applinks-plugin:applinks-common-exported.authentication-types"]="{\"com.atlassian.applinks.api.auth.types.BasicAuthenticationProvider\":\"Basic Access\",\"com.atlassian.applinks.api.auth.types.TrustedAppsAuthenticationProvider\":\"Trusted Applications\",\"com.atlassian.applinks.api.auth.types.CorsAuthenticationProvider\":\"CORS\",\"com.atlassian.applinks.api.auth.types.OAuthAuthenticationProvider\":\"OAuth\",\"com.atlassian.applinks.api.auth.types.TwoLeggedOAuthAuthenticationProvider\":\"OAuth\",\"com.atlassian.applinks.api.auth.types.TwoLeggedOAuthWithImpersonationAuthenticationProvider\":\"OAuth\"}";
WRM._unparsedData["com.atlassian.crowd.user-provisioning-vertigo-plugin:create-users-resources.isSiteAdmin"]="false";
WRM._unparsedData["jira.webresources:avatar-picker.data"]="{\"isEnabled\":true,\"url\":\"/plugins/servlet/redirectToProfile?target=edit-avatar\"}";
WRM._unparsedData["com.atlassian.jira.jira-header-plugin:dismissedFlags.flags"]="{\"dismissed\":[]}";
WRM._unparsedData["com.atlassian.jira.ui.selector:ui-selector.uri-override"]="{\"uri\":\"\"}";
WRM._unparsedData["com.atlassian.servicedesk.core-ui:util-help-links.help-links"]="{\"help\":{\"sla.settings\":\"https://confluence.atlassian.com/display/SERVICEDESKCLOUD/setting+up+slas\",\"email.settings\":\"https://confluence.atlassian.com/display/SERVICEDESKCLOUD/Receiving+requests+by+email\",\"request.type\":\"https://confluence.atlassian.com/display/SERVICEDESKCLOUD/configuring+request+types+and+workflows\",\"servicedesk.organizations\":\"https://confluence.atlassian.com/display/SERVICEDESKCLOUD/Setting+up+service+desk+users#Settingupservicedeskusers-manageorgsManageorganizations\",\"managing.queues\":\"https://confluence.atlassian.com/display/SERVICEDESKCLOUD/Setting+up+queues+for+your+team\",\"servicedesk.users\":\"https://confluence.atlassian.com/display/SERVICEDESKCLOUD/Setting+up+service+desk+users\",\"email.setup\":\"https://confluence.atlassian.com/display/SERVICEDESKCLOUD/Receiving+requests+by+email\",\"documentation.home\":\"https://confluence.atlassian.com/display/SERVICEDESKCLOUD/JIRA+Service+Desk+Documentation\",\"multi.language.portal\":\"https://confluence.atlassian.com/display/SERVICEDESKCLOUD/Translating+your+customer+portal+and+supporting+multiple+languages\",\"default\":\"https://confluence.atlassian.com/display/SERVICEDESKCLOUD/\",\"portal.settings\":\"https://confluence.atlassian.com/display/SERVICEDESKCLOUD/best+practices+for+designing+the+customer+portal\",\"setting.up.reports\":\"https://confluence.atlassian.com/display/SERVICEDESKCLOUD/Setting+up+service+desk+reports\",\"getting.started.agent\":\"https://confluence.atlassian.com/display/SERVICEDESKCLOUD/Getting+started+for+service+desk+agents\",\"queues.setup\":\"https://confluence.atlassian.com/display/SERVICEDESKCLOUD/setting+up+queues+for+your+team\",\"request.settings.help.bubble\":\"https://confluence.atlassian.com/display/SERVICEDESKCLOUD/Managing+access+to+your+service+desk\",\"email.settings.suitablerequest\":\"https://confluence.atlassian.com/display/SERVICEDESKCLOUD/Receiving+requests+by+email#Receivingrequestsbyemail-suitablerequest\",\"servicedesk.software.teams\":\"https://confluence.atlassian.com/display/SERVICEDESKCLOUD/best+practices+for+software+teams+using+jira+service+desk\",\"create.space.help\":\"https://confluence.atlassian.com/display/SERVICEDESKCLOUD/Serving+customers+with+a+knowledge+base#serving-customers-with-a-knowledge-base-createpermission\",\"email.settings.troubleshooting\":\"https://confluence.atlassian.com/display/SERVICEDESKCLOUD/Troubleshooting+issues+with+the+email+channel\",\"admin.notifications.config\":\"https://confluence.atlassian.com/display/SERVICEDESKCLOUD/Managing+service+desk+notifications\",\"troubleshoot.requesttype\":\"https://confluence.atlassian.com/display/SERVICEDESKCLOUD/Troubleshooting+issues+with+request+types\",\"approvals.configuration\":\"https://confluence.atlassian.com/display/SERVICEDESKCLOUD/Configuring+JIRA+Service+Desk+approvals\",\"public.signup\":\"https://confluence.atlassian.com/display/SERVICEDESKCLOUD/Configuring+public+signup\",\"knowledge.base\":\"https://confluence.atlassian.com/display/SERVICEDESKCLOUD/Serving+customers+with+a+knowledge+base\",\"resolve.permission.scheme.errors\":\"https://confluence.atlassian.com/display/SERVICEDESKCLOUD/Resolving+permission+scheme+errors\",\"getting.started\":\"https://confluence.atlassian.com/display/SERVICEDESKCLOUD/Getting+started+with+JIRA+Service+Desk\",\"invite.customers\":\"https://confluence.atlassian.com/display/SERVICEDESKCLOUD/Managing+access+to+your+service+desk\"},\"kb\":{\"default\":\"https://confluence.atlassian.com/display/SDKB/\",\"legacytransition\":\"https://confluence.atlassian.com/display/SDKB/Replacing+legacy+automatic+transitions+with+automation+rules\",\"umtroubleshoot\":\"https://confluence.atlassian.com/display/SDKB/Troubleshooting+issues+with+service+desk+user+management\"}}";
WRM._unparsedData["com.atlassian.servicedesk.core-ui:util-base-url.base-url"]="\"https://testingvn.atlassian.net\"";
WRM._unparsedData["com.atlassian.jira.ext.calendar:tipDataProvider.tip"]="{\"suppressTip\":false}";
WRM._unparsedData["com.atlassian.jira.jira-tzdetect-plugin:tzdetect-lib.time-zone-data"]="{\"julyOffset\":25200000,\"tzid\":\"Asia/Jakarta\",\"tzname\":\"(GMT+07:00) Jakarta\",\"janOffset\":25200000,\"enabled\":false}";
WRM._unparsedData["com.atlassian.labs.hipchat.hipchat-for-jira-plugin:resources-init.is-hipchat-enabled-data-provider"]="false";
WRM._unparsedData["jira.webresources:user-message-flags.adminLockout"]="{}";
WRM._unparsedData["com.atlassian.plugins.helptips.jira-help-tips:help-tip-manager.JiraHelpTipData"]="{\"anonymous\":true}";
if(window.WRM._dataArrived)window.WRM._dataArrived();</script>
    <link type="text/css" rel="stylesheet" href="//d3nacp1kuyzyay.cloudfront.net/atl-vertigo--shard-jira-prod-us-1--3--jres.atlassian.net/s/d41d8cd98f00b204e9800998ecf8427e-CDN/-30jg3x/b/6/4f9a9a37cb0ca9d1c8a5039ae4ca1f68/_/download/contextbatch/css/_super/batch.css?adg3Enabled=true&amp;relative-url=true" data-wrm-key="_super" data-wrm-batch-type="context" media="all"/>
    <link type="text/css" rel="stylesheet" href="//d3nacp1kuyzyay.cloudfront.net/atl-vertigo--shard-jira-prod-us-1--3--jres.atlassian.net/s/d41d8cd98f00b204e9800998ecf8427e-CDN/-30jg3x/b/6/1340787ffe2854c566c2e8211676d9e4/_/download/contextbatch/css/atl.general,jira.general,atl.global,jira.global,-_super/batch.css?adg3Enabled=true&amp;agile_global_admin_condition=true&amp;devsummary=true&amp;globalSidebarEnabled=true&amp;jag=true&amp;relative-url=true" data-wrm-key="atl.general,jira.general,atl.global,jira.global,-_super" data-wrm-batch-type="context" media="all"/>
    <script type="text/javascript" src="//d3nacp1kuyzyay.cloudfront.net/atl-vertigo--shard-jira-prod-us-1--3--jres.atlassian.net/s/d41d8cd98f00b204e9800998ecf8427e-CDN/-30jg3x/b/6/bbdf4ade4647f633cb51ebf35be75786/_/download/contextbatch/js/_super/batch.js?adg3Enabled=true&amp;locale=en-US" data-wrm-key="_super" data-wrm-batch-type="context" data-initially-rendered="data-initially-rendered"/>
    <script type="text/javascript" src="//d3nacp1kuyzyay.cloudfront.net/atl-vertigo--shard-jira-prod-us-1--3--jres.atlassian.net/s/d41d8cd98f00b204e9800998ecf8427e-CDN/-30jg3x/b/6/ac286b2eaefe0bed132c45e22b8c4b1f/_/download/contextbatch/js/atl.general,jira.general,atl.global,jira.global,-_super/batch.js?adg3Enabled=true&amp;agile_global_admin_condition=true&amp;devsummary=true&amp;globalSidebarEnabled=true&amp;jag=true&amp;locale=en-US" data-wrm-key="atl.general,jira.general,atl.global,jira.global,-_super" data-wrm-batch-type="context" data-initially-rendered="data-initially-rendered"/>
    <script type="text/javascript" src="//d3nacp1kuyzyay.cloudfront.net/atl-vertigo--shard-jira-prod-us-1--3--jres.atlassian.net/s/d41d8cd98f00b204e9800998ecf8427e-CDN/-30jg3x/b/6/9bfbe78980c18e5e8c2dba0ea7f0ef59/_/download/batch/com.pyxis.greenhopper.jira:gh-create-board-adg3-no-condition/com.pyxis.greenhopper.jira:gh-create-board-adg3-no-condition.js" data-wrm-key="com.pyxis.greenhopper.jira:gh-create-board-adg3-no-condition" data-wrm-batch-type="resource" data-initially-rendered="data-initially-rendered"/>
    <link type="text/css" rel="stylesheet" href="//d3nacp1kuyzyay.cloudfront.net/testingvn.atlassian.net/s/d41d8cd98f00b204e9800998ecf8427e-CDN/-30jg3x/b/6/27217ce095e24b4dbb597af68d583956/_/download/jira-lf-contextbatch/css/jira.global.look-and-feel,-_super/batch.css?adg3Enabled=true&amp;relative-url=true" data-wrm-key="jira.global.look-and-feel,-_super" data-wrm-batch-type="context" media="all"/>
    <meta name="application-name" content="JIRA" data-name="jira" data-version="1001.0.0-SNAPSHOT"/>
  </head>
  <body class="aui-layout aui-style-default page-type-message" id="jira" data-version="1001.0.0-SNAPSHOT">
    <div class="aui-page-panel">
      <div class="aui-page-panel-inner">
        <section class="aui-page-panel-content">
          <header class="aui-page-header">
            <div class="aui-page-header-inner">
              <div class="aui-page-header-main">
                <h1>Unauthorized (401)</h1>
              </div>
            </div>
          </header>
          <div class="aui-message aui-message-warning warning">
            <p>
Encountered a               <code>"401 - Unauthorized"</code>
 error while loading this page.            </p>
            <p>
              <a shape="rect" href="/secure/MyJiraHome.jspa">Go to Jira home</a>
            </p>
          </div>
        </section>
      </div>
    </div>
  </body>
</html>
]]></system-out>
    <system-err><![CDATA[SLF4J: Failed to load class "org.slf4j.impl.StaticLoggerBinder".
SLF4J: Defaulting to no-operation (NOP) logger implementation
SLF4J: See http://www.slf4j.org/codes.html#StaticLoggerBinder for further details.
]]></system-err>
  </testcase>
  <testcase name="assignPost" classname="features.testng.jira.testJira" time="2.715">
    <failure message="1 expectation failed.&#10;Expected status code &lt;204&gt; but was &lt;401&gt;.&#10;" type="java.lang.AssertionError"><![CDATA[java.lang.AssertionError: 
1 expectation failed.
Expected status code <204> but was <401>.

	at features.testng.jira.testJira.assignPost(testJira.java:95)
]]></failure>
    <system-out><![CDATA[Request method:	PUT
Request URI:	https://testingvn.atlassian.net/rest/api/2/issue/API1-33/assignee
Proxy:			<none>
Request params:	<none>
Query params:	<none>
Form params:	<none>
Path params:	<none>
Headers:		Authorization=Basic YXBpQHRlc3RpbmcuZWR1LnZuOm9aUEdOUmhQZ2sxakE2ZlJYMjlLRjNCQg==
				Accept=*/*
				Content-Type=application/json; charset=UTF-8
Cookies:		<none>
Multiparts:		<none>
Body:
{
    "name": "api"
}
HTTP/1.1 401 Unauthorized
Server: Atlassian Proxy/0.1.266
WWW-Authenticate: OAuth realm="https%3A%2F%2Ftestingvn.atlassian.net"
Content-Type: text/html;charset=UTF-8
Strict-Transport-Security: max-age=315360000; includeSubDomains; preload
Date: Sat, 23 Jun 2018 15:47:26 GMT
X-AREQUESTID: 63590ec0-1846-4ada-83d9-8b3fa87fc32b
X-XSS-Protection: 1; mode=block
transfer-encoding: chunked
X-Content-Type-Options: nosniff
Connection: keep-alive

<html>
  <head>
    <title>Unauthorized (401)</title>
    <script type="text/javascript">
    var contextPath = '';
    var DeferScripts = { deferState: 'disabled' };
</script>
    <script>
window.WRM=window.WRM||{};window.WRM._unparsedData=window.WRM._unparsedData||{};window.WRM._unparsedErrors=window.WRM._unparsedErrors||{};
WRM._unparsedData["com.atlassian.plugins.atlassian-plugins-webresource-plugin:context-path.context-path"]="\"\"";
WRM._unparsedData["com.atlassian.plugins.atlassian-plugins-webresource-rest:curl.cross-origin-resources"]="false";
WRM._unparsedData["jira.webresources:feature-flags.feature-flag-data"]="{\"enabled-feature-keys\":[\"jira.plugin.devstatus.smartcommits.dvcs.enabled\",\"nps.survey.inline.dialog\",\"com.atlassian.jira.plugins.mail.internal.enabled\",\"sd.new.settings.sidebar.location\",\"atlassian.rest.xsrf.legacy.enabled\",\"dvcs.connector.smartcommits.disabled\",\"unified.usermanagement\",\"com.atlassian.jira.projects.issuenavigator\",\"jira.issue.search.jql.indexprimary.enabled\",\"jira.issue.search.api.indexprimary.enabled\",\"com.atlassian.jira.projects.issue.summary.vignettes\",\"atlassian.aui.raphael.disabled\",\"fusion.dvcs.use_amq_for_executors.enabled\",\"com.atlassian.jira.config.CoreFeatures.PERMISSIONS_MANAGED_BY_UM\",\"com.atlassian.jira.projects.ProjectCentricNavigation.Switch\",\"com.atlassian.jira.config.CoreFeatures.ON_DEMAND\",\"atlassian.plugin.aci.enabled\",\"connect.no-applinks\",\"fusion.dvcs.use_amq_to_invoke_sync.enabled\",\"jira.baseurl.cdn.enabled\",\"fusion.bitbucket.rebrand\",\"com.atlassian.portfolio.integrations.ClassicPlans.disabled\",\"connect.authentication.oauth2.impersonation\",\"sd.email.mailbox.poppy.migration.poppyonly.enabled\",\"dvcs.connector.repositorydao.ao.enabled\",\"fusion.devstatus.devsummary.customfield.jql.enabled\"],\"feature-flag-states\":{\"sd.sla.agent.jql.security.restricted\":true,\"jira.feature.flag.board.issue.modal.labs\":true,\"sd.test.feature.flag.x\":true,\"sd.test.feature.flag.y\":false,\"jira.issue.search.api.databaseonly\":false,\"sd.email.channel.folders\":false,\"jira.issue.search.jql.databaseonly\":false,\"jira.mail.default.mailstore.polling\":true,\"com.atlassian.jira.plugins.mail.size.check\":true,\"jira.instrumentation.laas\":false,\"jira.issue.search.jql.issuepicker.killswitch\":false,\"sd.new.settings.sidebar.location\":true,\"jira.feature.rest.single.step.avatar.upload\":true,\"sd.email.outsider.comments\":false,\"sd.email.add.user.cc\":true,\"jira.login.useBasicAuthFilter\":true,\"jira.ondemand.maintain.trusted.apps\":true,\"jira.mail.fake.default.mail.server\":false,\"jira.issue.search.jql.anonymize\":true,\"com.atlassian.jira.plugins.mail.internal\":false,\"com.atlassian.jira.feature.flag.for.TestFeatureFlagResource\":false,\"com.atlassian.jira.plugins.mail.amq\":true,\"sd.global.portal.search.atlassian.only.tracking\":false,\"jira.feature.flag.board.polling\":true,\"issue.collector.cache.limiter\":true}}";
WRM._unparsedData["jira.webresources:simplified-ux-feature-flags.feature-flag-data"]="{\"isBacklogViewPlanSprintXflowEnabled\":true,\"isGlobalSidebarEnabled\":true,\"isAdg3NewProjectAvatarsEnabled\":true,\"isUserDiscoveryEnabled\":false,\"isGlobalSettingsLandingPageEnable\":false,\"isNewExperienceMenuEnabled\":false,\"isOptinDismissed\":false,\"isUmuxLiteInAdg2Enabled\":false,\"isFiltersDirectoryVersion2Enabled\":false,\"isProjectDirectoryVersion2Enabled\":false,\"isAdg3FeatureStateCheckerEnabled\":false,\"isStickyQuickfilterFixEnabled\":false,\"isUserOptedInSkipped\":false,\"isAgilityProjectFeaturesAllowed\":true,\"isAdg3StylesEnabled\":true,\"isGinFilterDetailsDialogEnabled\":false,\"isChangeboardingOptional\":false,\"isAdg3PINEnabled\":false,\"isUnusedUserPreferencesHidden\":true,\"isPeopleProfileEnabled\":false,\"isProjectLandingEnabled\":false,\"isAdg3ProfilecardEnabled\":true,\"isGraduationWarningVisible\":false,\"isVersionsPageOn\":true,\"isImportIssueButtonEnabled\":true,\"isXflowPagesEnabled\":true,\"isOnboardingProjectSwitcherEnabled\":true,\"isLabsEnabled\":true,\"isOptOutEnabled\":false,\"isUserOptedIn\":false,\"isAdg3ModeOn\":true,\"isOptInEnabled\":false}";
WRM._unparsedData["jira.webresources:default-comment-security-level.DefaultCommentSecurityLevelHelpLink"]="{\"extraClasses\":\"default-comment-level-help\",\"title\":\"Commenting on an Issue\",\"url\":\"https://confluence.atlassian.com/display/JIRACORECLOUD/Editing+and+collaborating+on+issues#Editingandcollaboratingonissues-addcommentsCommentingonissues\",\"isLocal\":false}";
WRM._unparsedData["com.atlassian.jira.jira-client-analytics-plugin:analytics-context-provider.client-analytic-descriptors"]="{\"analyticsResource\":{\"jira-core\":{\"events\":{\"issue.comment.added\":{\"trigger\":\"click #issue-comment-add-submit\",\"properties\":{\"comment-length\":\"value.length #issue-comment-add #comment\"}}}}},\"tenantId\":\"0c11e32a-d58c-43ea-8861-e0709ae10396\",\"env\":\"prod\"}";
WRM._unparsedData["jira.webresources:key-commands.shortcuts"]="[{\"moduleKey\":\"go-to-dashboard-kb-shortcut\",\"keys\":[[\"g\",\"d\"]],\"context\":\"global\",\"op\":\"goTo\",\"param\":\"/secure/Dashboard.jspa\"},{\"moduleKey\":\"browse-project-kb-shortcut\",\"keys\":[[\"g\",\"p\"]],\"context\":\"global\",\"op\":\"execute\",\"param\":\"var elem = jQuery(\\\"#browse_link\\\");\\n                if (elem.length \u003e 0) {\\n                    window.location.href = elem.attr(\\\"href\\\");\\n                }\"},{\"moduleKey\":\"issue-navigator-kb-shortcut\",\"keys\":[[\"g\",\"i\"]],\"context\":\"global\",\"op\":\"execute\",\"param\":\"var elem = jQuery(\\\"#find_link\\\");\\n                if (elem.length \u003e 0) {\\n                    window.location.href = elem.attr(\\\"href\\\");\\n                }\"},{\"moduleKey\":\"admin.quicksearch.dialog.shortcut\",\"keys\":[[\"g\",\"g\"]],\"context\":\"global\",\"op\":\"execute\",\"param\":\"if (AJS.Meta.get(\'admin-quicksearch-show\')) {\\n              JIRA.Shifter.show(\'admin\');\\n            }\"},{\"moduleKey\":\"quicksearch\",\"keys\":[[\"/\"]],\"context\":\"global\",\"op\":\"moveToAndFocus\",\"param\":\"#quickSearchInput, #admin-quick-nav-field\"},{\"moduleKey\":\"create.issue\",\"keys\":[[\"c\"]],\"context\":\"global\",\"op\":\"moveToAndClick\",\"param\":\"#header .create-issue\"},{\"moduleKey\":\"shifter\",\"keys\":[[\".\"]],\"context\":\"global\",\"op\":\"execute\",\"param\":\"JIRA.Shifter.show();\"},{\"moduleKey\":\"help\",\"keys\":[[\"?\"]],\"context\":\"global\",\"op\":\"click\",\"param\":\"#keyshortscuthelp\"}]";
WRM._unparsedData["com.atlassian.plugins.atlassian-connect-plugin:dialog-options.data"]="{\"allJsVersion\":\"1.2.0\",\"dialogOptions\":{},\"inlineDialogOptions\":{},\"dialogModules\":{\"com.atlassian.jira.chat\":{\"stride-create-room-dialog\":{\"url\":\"/static/jiraOldDedicatedRoomsConfig/?issueKey={issue.key}\",\"options\":{\"height\":\"650\",\"header\":{\"value\":\"Title\"},\"width\":\"548\"},\"key\":\"stride-create-room-dialog\"}}}}";
WRM._unparsedData["com.atlassian.plugins.atlassian-connect-plugin:jira-date-picker-widget.config"]="{\"dateFormat\":\"%e/%b/%y\",\"dateTimeFormat\":\"%e/%b/%y %I:%M %p\",\"timeFormat\":\"12\",\"firstDay\":1,\"useISO8601WeekNumbers\":false}";
WRM._unparsedData["com.atlassian.product.fabric.pf-jira-confluence-integration-plugin:app-switcher-initial-resources.cloud-id"]="\"0c11e32a-d58c-43ea-8861-e0709ae10396\"";
WRM._unparsedData["com.atlassian.product.fabric.pf-jira-confluence-integration-plugin:app-switcher-initial-resources.is-anonymous"]="true";
WRM._unparsedData["jira.webresources:dateFormatProvider.dateFormat"]="{\"meridiem\":[\"AM\",\"PM\"],\"eras\":[\"BC\",\"AD\"],\"months\":[\"January\",\"February\",\"March\",\"April\",\"May\",\"June\",\"July\",\"August\",\"September\",\"October\",\"November\",\"December\"],\"monthsShort\":[\"Jan\",\"Feb\",\"Mar\",\"Apr\",\"May\",\"Jun\",\"Jul\",\"Aug\",\"Sep\",\"Oct\",\"Nov\",\"Dec\"],\"weekdaysShort\":[\"Sun\",\"Mon\",\"Tue\",\"Wed\",\"Thu\",\"Fri\",\"Sat\"],\"weekdays\":[\"Sunday\",\"Monday\",\"Tuesday\",\"Wednesday\",\"Thursday\",\"Friday\",\"Saturday\"]}";
WRM._unparsedData["com.atlassian.servicedesk.frontend-webpack-plugin:data-provider.webpack-meta"]="{\"locale\":\"en-US\",\"publicPath\":\"//d3nacp1kuyzyay.cloudfront.net/atl-vertigo--shard-jira-prod-us-1--3--jres.atlassian.net/s/-30jg3x/b/6/1000.3954.0/_/download/resources/com.atlassian.servicedesk.frontend-webpack-plugin:webpack-async-chunks/\"}";
WRM._unparsedData["com.atlassian.applinks.applinks-plugin:applinks-common-exported.applinks-help-paths"]="{\"entries\":{\"applinks.docs.root\":\"https://confluence.atlassian.com/display/APPLINKS-062/\",\"applinks.docs.diagnostics.troubleshoot.sslunmatched\":\"SSL+and+application+link+troubleshooting+guide\",\"applinks.docs.diagnostics.troubleshoot.oauthsignatureinvalid\":\"OAuth+troubleshooting+guide\",\"applinks.docs.diagnostics.troubleshoot.oauthtimestamprefused\":\"OAuth+troubleshooting+guide\",\"applinks.docs.delete.entity.link\":\"Create+links+between+projects\",\"applinks.docs.adding.application.link\":\"Link+Atlassian+applications+to+work+together\",\"applinks.docs.administration.guide\":\"Application+Links+Documentation\",\"applinks.docs.oauth.security\":\"OAuth+security+for+application+links\",\"applinks.docs.troubleshoot.application.links\":\"Troubleshoot+application+links\",\"applinks.docs.diagnostics.troubleshoot.unknownerror\":\"Network+and+connectivity+troubleshooting+guide\",\"applinks.docs.configuring.auth.trusted.apps\":\"Configuring+Trusted+Applications+authentication+for+an+application+link\",\"applinks.docs.diagnostics.troubleshoot.authlevelunsupported\":\"OAuth+troubleshooting+guide\",\"applinks.docs.diagnostics.troubleshoot.ssluntrusted\":\"SSL+and+application+link+troubleshooting+guide\",\"applinks.docs.diagnostics.troubleshoot.unknownhost\":\"Network+and+connectivity+troubleshooting+guide\",\"applinks.docs.delete.application.link\":\"Link+Atlassian+applications+to+work+together\",\"applinks.docs.link.applications\":\"Link+Atlassian+applications+to+work+together\",\"applinks.docs.diagnostics.troubleshoot.oauthproblem\":\"OAuth+troubleshooting+guide\",\"applinks.docs.diagnostics.troubleshoot.migration\":\"Update+application+links+to+use+OAuth\",\"applinks.docs.relocate.application.link\":\"Link+Atlassian+applications+to+work+together\",\"applinks.docs.administering.entity.links\":\"Create+links+between+projects\",\"applinks.docs.upgrade.application.link\":\"OAuth+security+for+application+links\",\"applinks.docs.diagnostics.troubleshoot.connectionrefused\":\"Network+and+connectivity+troubleshooting+guide\",\"applinks.docs.configuring.auth.oauth\":\"OAuth+security+for+application+links\",\"applinks.docs.insufficient.remote.permission\":\"OAuth+security+for+application+links\",\"applinks.docs.configuring.application.link.auth\":\"OAuth+security+for+application+links\",\"applinks.docs.diagnostics\":\"Application+links+diagnostics\",\"applinks.docs.configured.authentication.types\":\"OAuth+security+for+application+links\",\"applinks.docs.adding.entity.link\":\"Create+links+between+projects\",\"applinks.docs.diagnostics.troubleshoot.unexpectedresponse\":\"Network+and+connectivity+troubleshooting+guide\",\"applinks.docs.configuring.auth.basic\":\"Configuring+Basic+HTTP+Authentication+for+an+Application+Link\",\"applinks.docs.diagnostics.troubleshoot.authlevelmismatch\":\"OAuth+troubleshooting+guide\"}}";
WRM._unparsedData["com.atlassian.applinks.applinks-plugin:applinks-common-exported.applinks-types"]="{\"crowd\":\"Crowd\",\"confluence\":\"Confluence\",\"remote.plugin.container\":\"Atlassian Connect\",\"fecru\":\"FishEye / Crucible\",\"stash\":\"Stash\",\"jira\":\"JIRA\",\"bamboo\":\"Bamboo\",\"generic\":\"Generic Application\"}";
WRM._unparsedData["com.atlassian.applinks.applinks-plugin:applinks-common-exported.entity-types"]="{\"singular\":{\"fecru.project\":\"Crucible Project\",\"fecru.repository\":\"FishEye Repository\",\"stash.project\":\"Stash Project\",\"generic.entity\":\"Generic Project\",\"confluence.space\":\"Confluence Space\",\"bamboo.project\":\"Bamboo Project\",\"jira.project\":\"JIRA Project\"},\"plural\":{\"fecru.project\":\"Crucible Projects\",\"fecru.repository\":\"FishEye Repositories\",\"stash.project\":\"Stash Projects\",\"generic.entity\":\"Generic Projects\",\"confluence.space\":\"Confluence Spaces\",\"bamboo.project\":\"Bamboo Projects\",\"jira.project\":\"JIRA Projects\"}}";
WRM._unparsedData["com.atlassian.applinks.applinks-plugin:applinks-common-exported.authentication-types"]="{\"com.atlassian.applinks.api.auth.types.BasicAuthenticationProvider\":\"Basic Access\",\"com.atlassian.applinks.api.auth.types.TrustedAppsAuthenticationProvider\":\"Trusted Applications\",\"com.atlassian.applinks.api.auth.types.CorsAuthenticationProvider\":\"CORS\",\"com.atlassian.applinks.api.auth.types.OAuthAuthenticationProvider\":\"OAuth\",\"com.atlassian.applinks.api.auth.types.TwoLeggedOAuthAuthenticationProvider\":\"OAuth\",\"com.atlassian.applinks.api.auth.types.TwoLeggedOAuthWithImpersonationAuthenticationProvider\":\"OAuth\"}";
WRM._unparsedData["com.atlassian.crowd.user-provisioning-vertigo-plugin:create-users-resources.isSiteAdmin"]="false";
WRM._unparsedData["jira.webresources:avatar-picker.data"]="{\"isEnabled\":true,\"url\":\"/plugins/servlet/redirectToProfile?target=edit-avatar\"}";
WRM._unparsedData["com.atlassian.jira.jira-header-plugin:dismissedFlags.flags"]="{\"dismissed\":[]}";
WRM._unparsedData["com.atlassian.jira.ui.selector:ui-selector.uri-override"]="{\"uri\":\"\"}";
WRM._unparsedData["com.atlassian.servicedesk.core-ui:util-help-links.help-links"]="{\"help\":{\"sla.settings\":\"https://confluence.atlassian.com/display/SERVICEDESKCLOUD/setting+up+slas\",\"email.settings\":\"https://confluence.atlassian.com/display/SERVICEDESKCLOUD/Receiving+requests+by+email\",\"request.type\":\"https://confluence.atlassian.com/display/SERVICEDESKCLOUD/configuring+request+types+and+workflows\",\"servicedesk.organizations\":\"https://confluence.atlassian.com/display/SERVICEDESKCLOUD/Setting+up+service+desk+users#Settingupservicedeskusers-manageorgsManageorganizations\",\"managing.queues\":\"https://confluence.atlassian.com/display/SERVICEDESKCLOUD/Setting+up+queues+for+your+team\",\"servicedesk.users\":\"https://confluence.atlassian.com/display/SERVICEDESKCLOUD/Setting+up+service+desk+users\",\"email.setup\":\"https://confluence.atlassian.com/display/SERVICEDESKCLOUD/Receiving+requests+by+email\",\"documentation.home\":\"https://confluence.atlassian.com/display/SERVICEDESKCLOUD/JIRA+Service+Desk+Documentation\",\"multi.language.portal\":\"https://confluence.atlassian.com/display/SERVICEDESKCLOUD/Translating+your+customer+portal+and+supporting+multiple+languages\",\"default\":\"https://confluence.atlassian.com/display/SERVICEDESKCLOUD/\",\"portal.settings\":\"https://confluence.atlassian.com/display/SERVICEDESKCLOUD/best+practices+for+designing+the+customer+portal\",\"setting.up.reports\":\"https://confluence.atlassian.com/display/SERVICEDESKCLOUD/Setting+up+service+desk+reports\",\"getting.started.agent\":\"https://confluence.atlassian.com/display/SERVICEDESKCLOUD/Getting+started+for+service+desk+agents\",\"queues.setup\":\"https://confluence.atlassian.com/display/SERVICEDESKCLOUD/setting+up+queues+for+your+team\",\"request.settings.help.bubble\":\"https://confluence.atlassian.com/display/SERVICEDESKCLOUD/Managing+access+to+your+service+desk\",\"email.settings.suitablerequest\":\"https://confluence.atlassian.com/display/SERVICEDESKCLOUD/Receiving+requests+by+email#Receivingrequestsbyemail-suitablerequest\",\"servicedesk.software.teams\":\"https://confluence.atlassian.com/display/SERVICEDESKCLOUD/best+practices+for+software+teams+using+jira+service+desk\",\"create.space.help\":\"https://confluence.atlassian.com/display/SERVICEDESKCLOUD/Serving+customers+with+a+knowledge+base#serving-customers-with-a-knowledge-base-createpermission\",\"email.settings.troubleshooting\":\"https://confluence.atlassian.com/display/SERVICEDESKCLOUD/Troubleshooting+issues+with+the+email+channel\",\"admin.notifications.config\":\"https://confluence.atlassian.com/display/SERVICEDESKCLOUD/Managing+service+desk+notifications\",\"troubleshoot.requesttype\":\"https://confluence.atlassian.com/display/SERVICEDESKCLOUD/Troubleshooting+issues+with+request+types\",\"approvals.configuration\":\"https://confluence.atlassian.com/display/SERVICEDESKCLOUD/Configuring+JIRA+Service+Desk+approvals\",\"public.signup\":\"https://confluence.atlassian.com/display/SERVICEDESKCLOUD/Configuring+public+signup\",\"knowledge.base\":\"https://confluence.atlassian.com/display/SERVICEDESKCLOUD/Serving+customers+with+a+knowledge+base\",\"resolve.permission.scheme.errors\":\"https://confluence.atlassian.com/display/SERVICEDESKCLOUD/Resolving+permission+scheme+errors\",\"getting.started\":\"https://confluence.atlassian.com/display/SERVICEDESKCLOUD/Getting+started+with+JIRA+Service+Desk\",\"invite.customers\":\"https://confluence.atlassian.com/display/SERVICEDESKCLOUD/Managing+access+to+your+service+desk\"},\"kb\":{\"default\":\"https://confluence.atlassian.com/display/SDKB/\",\"legacytransition\":\"https://confluence.atlassian.com/display/SDKB/Replacing+legacy+automatic+transitions+with+automation+rules\",\"umtroubleshoot\":\"https://confluence.atlassian.com/display/SDKB/Troubleshooting+issues+with+service+desk+user+management\"}}";
WRM._unparsedData["com.atlassian.servicedesk.core-ui:util-base-url.base-url"]="\"https://testingvn.atlassian.net\"";
WRM._unparsedData["com.atlassian.jira.ext.calendar:tipDataProvider.tip"]="{\"suppressTip\":false}";
WRM._unparsedData["com.atlassian.jira.jira-tzdetect-plugin:tzdetect-lib.time-zone-data"]="{\"julyOffset\":25200000,\"tzid\":\"Asia/Jakarta\",\"tzname\":\"(GMT+07:00) Jakarta\",\"janOffset\":25200000,\"enabled\":false}";
WRM._unparsedData["com.atlassian.labs.hipchat.hipchat-for-jira-plugin:resources-init.is-hipchat-enabled-data-provider"]="false";
WRM._unparsedData["jira.webresources:user-message-flags.adminLockout"]="{}";
WRM._unparsedData["com.atlassian.plugins.helptips.jira-help-tips:help-tip-manager.JiraHelpTipData"]="{\"anonymous\":true}";
if(window.WRM._dataArrived)window.WRM._dataArrived();</script>
    <link type="text/css" rel="stylesheet" href="//d3nacp1kuyzyay.cloudfront.net/atl-vertigo--shard-jira-prod-us-1--3--jres.atlassian.net/s/d41d8cd98f00b204e9800998ecf8427e-CDN/-30jg3x/b/6/4f9a9a37cb0ca9d1c8a5039ae4ca1f68/_/download/contextbatch/css/_super/batch.css?adg3Enabled=true&amp;relative-url=true" data-wrm-key="_super" data-wrm-batch-type="context" media="all"/>
    <link type="text/css" rel="stylesheet" href="//d3nacp1kuyzyay.cloudfront.net/atl-vertigo--shard-jira-prod-us-1--3--jres.atlassian.net/s/d41d8cd98f00b204e9800998ecf8427e-CDN/-30jg3x/b/6/1340787ffe2854c566c2e8211676d9e4/_/download/contextbatch/css/atl.general,jira.general,atl.global,jira.global,-_super/batch.css?adg3Enabled=true&amp;agile_global_admin_condition=true&amp;devsummary=true&amp;globalSidebarEnabled=true&amp;jag=true&amp;relative-url=true" data-wrm-key="atl.general,jira.general,atl.global,jira.global,-_super" data-wrm-batch-type="context" media="all"/>
    <script type="text/javascript" src="//d3nacp1kuyzyay.cloudfront.net/atl-vertigo--shard-jira-prod-us-1--3--jres.atlassian.net/s/d41d8cd98f00b204e9800998ecf8427e-CDN/-30jg3x/b/6/bbdf4ade4647f633cb51ebf35be75786/_/download/contextbatch/js/_super/batch.js?adg3Enabled=true&amp;locale=en-US" data-wrm-key="_super" data-wrm-batch-type="context" data-initially-rendered="data-initially-rendered"/>
    <script type="text/javascript" src="//d3nacp1kuyzyay.cloudfront.net/atl-vertigo--shard-jira-prod-us-1--3--jres.atlassian.net/s/d41d8cd98f00b204e9800998ecf8427e-CDN/-30jg3x/b/6/ac286b2eaefe0bed132c45e22b8c4b1f/_/download/contextbatch/js/atl.general,jira.general,atl.global,jira.global,-_super/batch.js?adg3Enabled=true&amp;agile_global_admin_condition=true&amp;devsummary=true&amp;globalSidebarEnabled=true&amp;jag=true&amp;locale=en-US" data-wrm-key="atl.general,jira.general,atl.global,jira.global,-_super" data-wrm-batch-type="context" data-initially-rendered="data-initially-rendered"/>
    <script type="text/javascript" src="//d3nacp1kuyzyay.cloudfront.net/atl-vertigo--shard-jira-prod-us-1--3--jres.atlassian.net/s/d41d8cd98f00b204e9800998ecf8427e-CDN/-30jg3x/b/6/9bfbe78980c18e5e8c2dba0ea7f0ef59/_/download/batch/com.pyxis.greenhopper.jira:gh-create-board-adg3-no-condition/com.pyxis.greenhopper.jira:gh-create-board-adg3-no-condition.js" data-wrm-key="com.pyxis.greenhopper.jira:gh-create-board-adg3-no-condition" data-wrm-batch-type="resource" data-initially-rendered="data-initially-rendered"/>
    <link type="text/css" rel="stylesheet" href="//d3nacp1kuyzyay.cloudfront.net/testingvn.atlassian.net/s/d41d8cd98f00b204e9800998ecf8427e-CDN/-30jg3x/b/6/27217ce095e24b4dbb597af68d583956/_/download/jira-lf-contextbatch/css/jira.global.look-and-feel,-_super/batch.css?adg3Enabled=true&amp;relative-url=true" data-wrm-key="jira.global.look-and-feel,-_super" data-wrm-batch-type="context" media="all"/>
    <meta name="application-name" content="JIRA" data-name="jira" data-version="1001.0.0-SNAPSHOT"/>
  </head>
  <body class="aui-layout aui-style-default page-type-message" id="jira" data-version="1001.0.0-SNAPSHOT">
    <div class="aui-page-panel">
      <div class="aui-page-panel-inner">
        <section class="aui-page-panel-content">
          <header class="aui-page-header">
            <div class="aui-page-header-inner">
              <div class="aui-page-header-main">
                <h1>Unauthorized (401)</h1>
              </div>
            </div>
          </header>
          <div class="aui-message aui-message-warning warning">
            <p>
Encountered a               <code>"401 - Unauthorized"</code>
 error while loading this page.            </p>
            <p>
              <a shape="rect" href="/secure/MyJiraHome.jspa">Go to Jira home</a>
            </p>
          </div>
        </section>
      </div>
    </div>
  </body>
</html>
]]></system-out>
  </testcase>
  <testcase name="doTransition" classname="features.testng.jira.testJira" time="2.62">
    <failure message="1 expectation failed.&#10;Expected status code &lt;204&gt; but was &lt;401&gt;.&#10;" type="java.lang.AssertionError"><![CDATA[java.lang.AssertionError: 
1 expectation failed.
Expected status code <204> but was <401>.

	at features.testng.jira.testJira.doTransition(testJira.java:131)
]]></failure>
    <system-out><![CDATA[Request method:	PUT
Request URI:	https://testingvn.atlassian.net/rest/api/2/issue/API1-33/transitions
Proxy:			<none>
Request params:	<none>
Query params:	<none>
Form params:	<none>
Path params:	<none>
Headers:		Authorization=Basic YXBpQHRlc3RpbmcuZWR1LnZuOm9aUEdOUmhQZ2sxakE2ZlJYMjlLRjNCQg==
				Accept=*/*
				Content-Type=application/json; charset=UTF-8
Cookies:		<none>
Multiparts:		<none>
Body:
{
    "update": {
        "comment": [
            {
                "add": {
                    "body": "Comment added when resolving issue"
                }
            }
        ]
    },
    "transition": {
        "id": "5"
    }
}
HTTP/1.1 401 Unauthorized
Server: Atlassian Proxy/0.1.266
WWW-Authenticate: OAuth realm="https%3A%2F%2Ftestingvn.atlassian.net"
Content-Type: text/html;charset=UTF-8
Strict-Transport-Security: max-age=315360000; includeSubDomains; preload
Date: Sat, 23 Jun 2018 15:47:29 GMT
X-AREQUESTID: 7e4542b6-7fcc-42fe-bbf8-21490a5ee96c
X-XSS-Protection: 1; mode=block
transfer-encoding: chunked
X-Content-Type-Options: nosniff
Connection: keep-alive

<html>
  <head>
    <title>Unauthorized (401)</title>
    <script type="text/javascript">
    var contextPath = '';
    var DeferScripts = { deferState: 'disabled' };
</script>
    <script>
window.WRM=window.WRM||{};window.WRM._unparsedData=window.WRM._unparsedData||{};window.WRM._unparsedErrors=window.WRM._unparsedErrors||{};
WRM._unparsedData["com.atlassian.plugins.atlassian-plugins-webresource-plugin:context-path.context-path"]="\"\"";
WRM._unparsedData["com.atlassian.plugins.atlassian-plugins-webresource-rest:curl.cross-origin-resources"]="false";
WRM._unparsedData["jira.webresources:feature-flags.feature-flag-data"]="{\"enabled-feature-keys\":[\"jira.plugin.devstatus.smartcommits.dvcs.enabled\",\"nps.survey.inline.dialog\",\"com.atlassian.jira.plugins.mail.internal.enabled\",\"sd.new.settings.sidebar.location\",\"atlassian.rest.xsrf.legacy.enabled\",\"dvcs.connector.smartcommits.disabled\",\"unified.usermanagement\",\"com.atlassian.jira.projects.issuenavigator\",\"jira.issue.search.jql.indexprimary.enabled\",\"jira.issue.search.api.indexprimary.enabled\",\"com.atlassian.jira.projects.issue.summary.vignettes\",\"atlassian.aui.raphael.disabled\",\"fusion.dvcs.use_amq_for_executors.enabled\",\"com.atlassian.jira.config.CoreFeatures.PERMISSIONS_MANAGED_BY_UM\",\"com.atlassian.jira.projects.ProjectCentricNavigation.Switch\",\"com.atlassian.jira.config.CoreFeatures.ON_DEMAND\",\"atlassian.plugin.aci.enabled\",\"connect.no-applinks\",\"fusion.dvcs.use_amq_to_invoke_sync.enabled\",\"jira.baseurl.cdn.enabled\",\"fusion.bitbucket.rebrand\",\"com.atlassian.portfolio.integrations.ClassicPlans.disabled\",\"connect.authentication.oauth2.impersonation\",\"sd.email.mailbox.poppy.migration.poppyonly.enabled\",\"dvcs.connector.repositorydao.ao.enabled\",\"fusion.devstatus.devsummary.customfield.jql.enabled\"],\"feature-flag-states\":{\"sd.sla.agent.jql.security.restricted\":true,\"jira.feature.flag.board.issue.modal.labs\":true,\"sd.test.feature.flag.x\":true,\"sd.test.feature.flag.y\":false,\"jira.issue.search.api.databaseonly\":false,\"sd.email.channel.folders\":false,\"jira.issue.search.jql.databaseonly\":false,\"jira.mail.default.mailstore.polling\":true,\"com.atlassian.jira.plugins.mail.size.check\":true,\"jira.instrumentation.laas\":false,\"jira.issue.search.jql.issuepicker.killswitch\":false,\"sd.new.settings.sidebar.location\":true,\"jira.feature.rest.single.step.avatar.upload\":true,\"sd.email.outsider.comments\":false,\"sd.email.add.user.cc\":true,\"jira.login.useBasicAuthFilter\":true,\"jira.ondemand.maintain.trusted.apps\":true,\"jira.mail.fake.default.mail.server\":false,\"jira.issue.search.jql.anonymize\":true,\"com.atlassian.jira.plugins.mail.internal\":false,\"com.atlassian.jira.feature.flag.for.TestFeatureFlagResource\":false,\"com.atlassian.jira.plugins.mail.amq\":true,\"sd.global.portal.search.atlassian.only.tracking\":false,\"jira.feature.flag.board.polling\":true,\"issue.collector.cache.limiter\":true}}";
WRM._unparsedData["jira.webresources:simplified-ux-feature-flags.feature-flag-data"]="{\"isBacklogViewPlanSprintXflowEnabled\":true,\"isGlobalSidebarEnabled\":true,\"isAdg3NewProjectAvatarsEnabled\":true,\"isUserDiscoveryEnabled\":false,\"isGlobalSettingsLandingPageEnable\":false,\"isNewExperienceMenuEnabled\":false,\"isOptinDismissed\":false,\"isUmuxLiteInAdg2Enabled\":false,\"isFiltersDirectoryVersion2Enabled\":false,\"isProjectDirectoryVersion2Enabled\":false,\"isAdg3FeatureStateCheckerEnabled\":false,\"isStickyQuickfilterFixEnabled\":false,\"isUserOptedInSkipped\":false,\"isAgilityProjectFeaturesAllowed\":true,\"isAdg3StylesEnabled\":true,\"isGinFilterDetailsDialogEnabled\":false,\"isChangeboardingOptional\":false,\"isAdg3PINEnabled\":false,\"isUnusedUserPreferencesHidden\":true,\"isPeopleProfileEnabled\":false,\"isProjectLandingEnabled\":false,\"isAdg3ProfilecardEnabled\":true,\"isGraduationWarningVisible\":false,\"isVersionsPageOn\":true,\"isImportIssueButtonEnabled\":true,\"isXflowPagesEnabled\":true,\"isOnboardingProjectSwitcherEnabled\":true,\"isLabsEnabled\":true,\"isOptOutEnabled\":false,\"isUserOptedIn\":false,\"isAdg3ModeOn\":true,\"isOptInEnabled\":false}";
WRM._unparsedData["jira.webresources:default-comment-security-level.DefaultCommentSecurityLevelHelpLink"]="{\"extraClasses\":\"default-comment-level-help\",\"title\":\"Commenting on an Issue\",\"url\":\"https://confluence.atlassian.com/display/JIRACORECLOUD/Editing+and+collaborating+on+issues#Editingandcollaboratingonissues-addcommentsCommentingonissues\",\"isLocal\":false}";
WRM._unparsedData["com.atlassian.jira.jira-client-analytics-plugin:analytics-context-provider.client-analytic-descriptors"]="{\"analyticsResource\":{\"jira-core\":{\"events\":{\"issue.comment.added\":{\"trigger\":\"click #issue-comment-add-submit\",\"properties\":{\"comment-length\":\"value.length #issue-comment-add #comment\"}}}}},\"tenantId\":\"0c11e32a-d58c-43ea-8861-e0709ae10396\",\"env\":\"prod\"}";
WRM._unparsedData["jira.webresources:key-commands.shortcuts"]="[{\"moduleKey\":\"go-to-dashboard-kb-shortcut\",\"keys\":[[\"g\",\"d\"]],\"context\":\"global\",\"op\":\"goTo\",\"param\":\"/secure/Dashboard.jspa\"},{\"moduleKey\":\"browse-project-kb-shortcut\",\"keys\":[[\"g\",\"p\"]],\"context\":\"global\",\"op\":\"execute\",\"param\":\"var elem = jQuery(\\\"#browse_link\\\");\\n                if (elem.length \u003e 0) {\\n                    window.location.href = elem.attr(\\\"href\\\");\\n                }\"},{\"moduleKey\":\"issue-navigator-kb-shortcut\",\"keys\":[[\"g\",\"i\"]],\"context\":\"global\",\"op\":\"execute\",\"param\":\"var elem = jQuery(\\\"#find_link\\\");\\n                if (elem.length \u003e 0) {\\n                    window.location.href = elem.attr(\\\"href\\\");\\n                }\"},{\"moduleKey\":\"admin.quicksearch.dialog.shortcut\",\"keys\":[[\"g\",\"g\"]],\"context\":\"global\",\"op\":\"execute\",\"param\":\"if (AJS.Meta.get(\'admin-quicksearch-show\')) {\\n              JIRA.Shifter.show(\'admin\');\\n            }\"},{\"moduleKey\":\"quicksearch\",\"keys\":[[\"/\"]],\"context\":\"global\",\"op\":\"moveToAndFocus\",\"param\":\"#quickSearchInput, #admin-quick-nav-field\"},{\"moduleKey\":\"create.issue\",\"keys\":[[\"c\"]],\"context\":\"global\",\"op\":\"moveToAndClick\",\"param\":\"#header .create-issue\"},{\"moduleKey\":\"shifter\",\"keys\":[[\".\"]],\"context\":\"global\",\"op\":\"execute\",\"param\":\"JIRA.Shifter.show();\"},{\"moduleKey\":\"help\",\"keys\":[[\"?\"]],\"context\":\"global\",\"op\":\"click\",\"param\":\"#keyshortscuthelp\"}]";
WRM._unparsedData["com.atlassian.plugins.atlassian-connect-plugin:dialog-options.data"]="{\"allJsVersion\":\"1.2.0\",\"dialogOptions\":{},\"inlineDialogOptions\":{},\"dialogModules\":{\"com.atlassian.jira.chat\":{\"stride-create-room-dialog\":{\"url\":\"/static/jiraOldDedicatedRoomsConfig/?issueKey={issue.key}\",\"options\":{\"height\":\"650\",\"header\":{\"value\":\"Title\"},\"width\":\"548\"},\"key\":\"stride-create-room-dialog\"}}}}";
WRM._unparsedData["com.atlassian.plugins.atlassian-connect-plugin:jira-date-picker-widget.config"]="{\"dateFormat\":\"%e/%b/%y\",\"dateTimeFormat\":\"%e/%b/%y %I:%M %p\",\"timeFormat\":\"12\",\"firstDay\":1,\"useISO8601WeekNumbers\":false}";
WRM._unparsedData["com.atlassian.product.fabric.pf-jira-confluence-integration-plugin:app-switcher-initial-resources.cloud-id"]="\"0c11e32a-d58c-43ea-8861-e0709ae10396\"";
WRM._unparsedData["com.atlassian.product.fabric.pf-jira-confluence-integration-plugin:app-switcher-initial-resources.is-anonymous"]="true";
WRM._unparsedData["jira.webresources:dateFormatProvider.dateFormat"]="{\"meridiem\":[\"AM\",\"PM\"],\"eras\":[\"BC\",\"AD\"],\"months\":[\"January\",\"February\",\"March\",\"April\",\"May\",\"June\",\"July\",\"August\",\"September\",\"October\",\"November\",\"December\"],\"monthsShort\":[\"Jan\",\"Feb\",\"Mar\",\"Apr\",\"May\",\"Jun\",\"Jul\",\"Aug\",\"Sep\",\"Oct\",\"Nov\",\"Dec\"],\"weekdaysShort\":[\"Sun\",\"Mon\",\"Tue\",\"Wed\",\"Thu\",\"Fri\",\"Sat\"],\"weekdays\":[\"Sunday\",\"Monday\",\"Tuesday\",\"Wednesday\",\"Thursday\",\"Friday\",\"Saturday\"]}";
WRM._unparsedData["com.atlassian.servicedesk.frontend-webpack-plugin:data-provider.webpack-meta"]="{\"locale\":\"en-US\",\"publicPath\":\"//d3nacp1kuyzyay.cloudfront.net/atl-vertigo--shard-jira-prod-us-1--3--jres.atlassian.net/s/-30jg3x/b/6/1000.3954.0/_/download/resources/com.atlassian.servicedesk.frontend-webpack-plugin:webpack-async-chunks/\"}";
WRM._unparsedData["com.atlassian.applinks.applinks-plugin:applinks-common-exported.applinks-help-paths"]="{\"entries\":{\"applinks.docs.root\":\"https://confluence.atlassian.com/display/APPLINKS-062/\",\"applinks.docs.diagnostics.troubleshoot.sslunmatched\":\"SSL+and+application+link+troubleshooting+guide\",\"applinks.docs.diagnostics.troubleshoot.oauthsignatureinvalid\":\"OAuth+troubleshooting+guide\",\"applinks.docs.diagnostics.troubleshoot.oauthtimestamprefused\":\"OAuth+troubleshooting+guide\",\"applinks.docs.delete.entity.link\":\"Create+links+between+projects\",\"applinks.docs.adding.application.link\":\"Link+Atlassian+applications+to+work+together\",\"applinks.docs.administration.guide\":\"Application+Links+Documentation\",\"applinks.docs.oauth.security\":\"OAuth+security+for+application+links\",\"applinks.docs.troubleshoot.application.links\":\"Troubleshoot+application+links\",\"applinks.docs.diagnostics.troubleshoot.unknownerror\":\"Network+and+connectivity+troubleshooting+guide\",\"applinks.docs.configuring.auth.trusted.apps\":\"Configuring+Trusted+Applications+authentication+for+an+application+link\",\"applinks.docs.diagnostics.troubleshoot.authlevelunsupported\":\"OAuth+troubleshooting+guide\",\"applinks.docs.diagnostics.troubleshoot.ssluntrusted\":\"SSL+and+application+link+troubleshooting+guide\",\"applinks.docs.diagnostics.troubleshoot.unknownhost\":\"Network+and+connectivity+troubleshooting+guide\",\"applinks.docs.delete.application.link\":\"Link+Atlassian+applications+to+work+together\",\"applinks.docs.link.applications\":\"Link+Atlassian+applications+to+work+together\",\"applinks.docs.diagnostics.troubleshoot.oauthproblem\":\"OAuth+troubleshooting+guide\",\"applinks.docs.diagnostics.troubleshoot.migration\":\"Update+application+links+to+use+OAuth\",\"applinks.docs.relocate.application.link\":\"Link+Atlassian+applications+to+work+together\",\"applinks.docs.administering.entity.links\":\"Create+links+between+projects\",\"applinks.docs.upgrade.application.link\":\"OAuth+security+for+application+links\",\"applinks.docs.diagnostics.troubleshoot.connectionrefused\":\"Network+and+connectivity+troubleshooting+guide\",\"applinks.docs.configuring.auth.oauth\":\"OAuth+security+for+application+links\",\"applinks.docs.insufficient.remote.permission\":\"OAuth+security+for+application+links\",\"applinks.docs.configuring.application.link.auth\":\"OAuth+security+for+application+links\",\"applinks.docs.diagnostics\":\"Application+links+diagnostics\",\"applinks.docs.configured.authentication.types\":\"OAuth+security+for+application+links\",\"applinks.docs.adding.entity.link\":\"Create+links+between+projects\",\"applinks.docs.diagnostics.troubleshoot.unexpectedresponse\":\"Network+and+connectivity+troubleshooting+guide\",\"applinks.docs.configuring.auth.basic\":\"Configuring+Basic+HTTP+Authentication+for+an+Application+Link\",\"applinks.docs.diagnostics.troubleshoot.authlevelmismatch\":\"OAuth+troubleshooting+guide\"}}";
WRM._unparsedData["com.atlassian.applinks.applinks-plugin:applinks-common-exported.applinks-types"]="{\"crowd\":\"Crowd\",\"confluence\":\"Confluence\",\"remote.plugin.container\":\"Atlassian Connect\",\"fecru\":\"FishEye / Crucible\",\"stash\":\"Stash\",\"jira\":\"JIRA\",\"bamboo\":\"Bamboo\",\"generic\":\"Generic Application\"}";
WRM._unparsedData["com.atlassian.applinks.applinks-plugin:applinks-common-exported.entity-types"]="{\"singular\":{\"fecru.project\":\"Crucible Project\",\"fecru.repository\":\"FishEye Repository\",\"stash.project\":\"Stash Project\",\"generic.entity\":\"Generic Project\",\"confluence.space\":\"Confluence Space\",\"bamboo.project\":\"Bamboo Project\",\"jira.project\":\"JIRA Project\"},\"plural\":{\"fecru.project\":\"Crucible Projects\",\"fecru.repository\":\"FishEye Repositories\",\"stash.project\":\"Stash Projects\",\"generic.entity\":\"Generic Projects\",\"confluence.space\":\"Confluence Spaces\",\"bamboo.project\":\"Bamboo Projects\",\"jira.project\":\"JIRA Projects\"}}";
WRM._unparsedData["com.atlassian.applinks.applinks-plugin:applinks-common-exported.authentication-types"]="{\"com.atlassian.applinks.api.auth.types.BasicAuthenticationProvider\":\"Basic Access\",\"com.atlassian.applinks.api.auth.types.TrustedAppsAuthenticationProvider\":\"Trusted Applications\",\"com.atlassian.applinks.api.auth.types.CorsAuthenticationProvider\":\"CORS\",\"com.atlassian.applinks.api.auth.types.OAuthAuthenticationProvider\":\"OAuth\",\"com.atlassian.applinks.api.auth.types.TwoLeggedOAuthAuthenticationProvider\":\"OAuth\",\"com.atlassian.applinks.api.auth.types.TwoLeggedOAuthWithImpersonationAuthenticationProvider\":\"OAuth\"}";
WRM._unparsedData["com.atlassian.crowd.user-provisioning-vertigo-plugin:create-users-resources.isSiteAdmin"]="false";
WRM._unparsedData["jira.webresources:avatar-picker.data"]="{\"isEnabled\":true,\"url\":\"/plugins/servlet/redirectToProfile?target=edit-avatar\"}";
WRM._unparsedData["com.atlassian.jira.jira-header-plugin:dismissedFlags.flags"]="{\"dismissed\":[]}";
WRM._unparsedData["com.atlassian.jira.ui.selector:ui-selector.uri-override"]="{\"uri\":\"\"}";
WRM._unparsedData["com.atlassian.servicedesk.core-ui:util-help-links.help-links"]="{\"help\":{\"sla.settings\":\"https://confluence.atlassian.com/display/SERVICEDESKCLOUD/setting+up+slas\",\"email.settings\":\"https://confluence.atlassian.com/display/SERVICEDESKCLOUD/Receiving+requests+by+email\",\"request.type\":\"https://confluence.atlassian.com/display/SERVICEDESKCLOUD/configuring+request+types+and+workflows\",\"servicedesk.organizations\":\"https://confluence.atlassian.com/display/SERVICEDESKCLOUD/Setting+up+service+desk+users#Settingupservicedeskusers-manageorgsManageorganizations\",\"managing.queues\":\"https://confluence.atlassian.com/display/SERVICEDESKCLOUD/Setting+up+queues+for+your+team\",\"servicedesk.users\":\"https://confluence.atlassian.com/display/SERVICEDESKCLOUD/Setting+up+service+desk+users\",\"email.setup\":\"https://confluence.atlassian.com/display/SERVICEDESKCLOUD/Receiving+requests+by+email\",\"documentation.home\":\"https://confluence.atlassian.com/display/SERVICEDESKCLOUD/JIRA+Service+Desk+Documentation\",\"multi.language.portal\":\"https://confluence.atlassian.com/display/SERVICEDESKCLOUD/Translating+your+customer+portal+and+supporting+multiple+languages\",\"default\":\"https://confluence.atlassian.com/display/SERVICEDESKCLOUD/\",\"portal.settings\":\"https://confluence.atlassian.com/display/SERVICEDESKCLOUD/best+practices+for+designing+the+customer+portal\",\"setting.up.reports\":\"https://confluence.atlassian.com/display/SERVICEDESKCLOUD/Setting+up+service+desk+reports\",\"getting.started.agent\":\"https://confluence.atlassian.com/display/SERVICEDESKCLOUD/Getting+started+for+service+desk+agents\",\"queues.setup\":\"https://confluence.atlassian.com/display/SERVICEDESKCLOUD/setting+up+queues+for+your+team\",\"request.settings.help.bubble\":\"https://confluence.atlassian.com/display/SERVICEDESKCLOUD/Managing+access+to+your+service+desk\",\"email.settings.suitablerequest\":\"https://confluence.atlassian.com/display/SERVICEDESKCLOUD/Receiving+requests+by+email#Receivingrequestsbyemail-suitablerequest\",\"servicedesk.software.teams\":\"https://confluence.atlassian.com/display/SERVICEDESKCLOUD/best+practices+for+software+teams+using+jira+service+desk\",\"create.space.help\":\"https://confluence.atlassian.com/display/SERVICEDESKCLOUD/Serving+customers+with+a+knowledge+base#serving-customers-with-a-knowledge-base-createpermission\",\"email.settings.troubleshooting\":\"https://confluence.atlassian.com/display/SERVICEDESKCLOUD/Troubleshooting+issues+with+the+email+channel\",\"admin.notifications.config\":\"https://confluence.atlassian.com/display/SERVICEDESKCLOUD/Managing+service+desk+notifications\",\"troubleshoot.requesttype\":\"https://confluence.atlassian.com/display/SERVICEDESKCLOUD/Troubleshooting+issues+with+request+types\",\"approvals.configuration\":\"https://confluence.atlassian.com/display/SERVICEDESKCLOUD/Configuring+JIRA+Service+Desk+approvals\",\"public.signup\":\"https://confluence.atlassian.com/display/SERVICEDESKCLOUD/Configuring+public+signup\",\"knowledge.base\":\"https://confluence.atlassian.com/display/SERVICEDESKCLOUD/Serving+customers+with+a+knowledge+base\",\"resolve.permission.scheme.errors\":\"https://confluence.atlassian.com/display/SERVICEDESKCLOUD/Resolving+permission+scheme+errors\",\"getting.started\":\"https://confluence.atlassian.com/display/SERVICEDESKCLOUD/Getting+started+with+JIRA+Service+Desk\",\"invite.customers\":\"https://confluence.atlassian.com/display/SERVICEDESKCLOUD/Managing+access+to+your+service+desk\"},\"kb\":{\"default\":\"https://confluence.atlassian.com/display/SDKB/\",\"legacytransition\":\"https://confluence.atlassian.com/display/SDKB/Replacing+legacy+automatic+transitions+with+automation+rules\",\"umtroubleshoot\":\"https://confluence.atlassian.com/display/SDKB/Troubleshooting+issues+with+service+desk+user+management\"}}";
WRM._unparsedData["com.atlassian.servicedesk.core-ui:util-base-url.base-url"]="\"https://testingvn.atlassian.net\"";
WRM._unparsedData["com.atlassian.jira.ext.calendar:tipDataProvider.tip"]="{\"suppressTip\":false}";
WRM._unparsedData["com.atlassian.jira.jira-tzdetect-plugin:tzdetect-lib.time-zone-data"]="{\"julyOffset\":25200000,\"tzid\":\"Asia/Jakarta\",\"tzname\":\"(GMT+07:00) Jakarta\",\"janOffset\":25200000,\"enabled\":false}";
WRM._unparsedData["com.atlassian.labs.hipchat.hipchat-for-jira-plugin:resources-init.is-hipchat-enabled-data-provider"]="false";
WRM._unparsedData["jira.webresources:user-message-flags.adminLockout"]="{}";
WRM._unparsedData["com.atlassian.plugins.helptips.jira-help-tips:help-tip-manager.JiraHelpTipData"]="{\"anonymous\":true}";
if(window.WRM._dataArrived)window.WRM._dataArrived();</script>
    <link type="text/css" rel="stylesheet" href="//d3nacp1kuyzyay.cloudfront.net/atl-vertigo--shard-jira-prod-us-1--3--jres.atlassian.net/s/d41d8cd98f00b204e9800998ecf8427e-CDN/-30jg3x/b/6/4f9a9a37cb0ca9d1c8a5039ae4ca1f68/_/download/contextbatch/css/_super/batch.css?adg3Enabled=true&amp;relative-url=true" data-wrm-key="_super" data-wrm-batch-type="context" media="all"/>
    <link type="text/css" rel="stylesheet" href="//d3nacp1kuyzyay.cloudfront.net/atl-vertigo--shard-jira-prod-us-1--3--jres.atlassian.net/s/d41d8cd98f00b204e9800998ecf8427e-CDN/-30jg3x/b/6/1340787ffe2854c566c2e8211676d9e4/_/download/contextbatch/css/atl.general,jira.general,atl.global,jira.global,-_super/batch.css?adg3Enabled=true&amp;agile_global_admin_condition=true&amp;devsummary=true&amp;globalSidebarEnabled=true&amp;jag=true&amp;relative-url=true" data-wrm-key="atl.general,jira.general,atl.global,jira.global,-_super" data-wrm-batch-type="context" media="all"/>
    <script type="text/javascript" src="//d3nacp1kuyzyay.cloudfront.net/atl-vertigo--shard-jira-prod-us-1--3--jres.atlassian.net/s/d41d8cd98f00b204e9800998ecf8427e-CDN/-30jg3x/b/6/bbdf4ade4647f633cb51ebf35be75786/_/download/contextbatch/js/_super/batch.js?adg3Enabled=true&amp;locale=en-US" data-wrm-key="_super" data-wrm-batch-type="context" data-initially-rendered="data-initially-rendered"/>
    <script type="text/javascript" src="//d3nacp1kuyzyay.cloudfront.net/atl-vertigo--shard-jira-prod-us-1--3--jres.atlassian.net/s/d41d8cd98f00b204e9800998ecf8427e-CDN/-30jg3x/b/6/ac286b2eaefe0bed132c45e22b8c4b1f/_/download/contextbatch/js/atl.general,jira.general,atl.global,jira.global,-_super/batch.js?adg3Enabled=true&amp;agile_global_admin_condition=true&amp;devsummary=true&amp;globalSidebarEnabled=true&amp;jag=true&amp;locale=en-US" data-wrm-key="atl.general,jira.general,atl.global,jira.global,-_super" data-wrm-batch-type="context" data-initially-rendered="data-initially-rendered"/>
    <script type="text/javascript" src="//d3nacp1kuyzyay.cloudfront.net/atl-vertigo--shard-jira-prod-us-1--3--jres.atlassian.net/s/d41d8cd98f00b204e9800998ecf8427e-CDN/-30jg3x/b/6/9bfbe78980c18e5e8c2dba0ea7f0ef59/_/download/batch/com.pyxis.greenhopper.jira:gh-create-board-adg3-no-condition/com.pyxis.greenhopper.jira:gh-create-board-adg3-no-condition.js" data-wrm-key="com.pyxis.greenhopper.jira:gh-create-board-adg3-no-condition" data-wrm-batch-type="resource" data-initially-rendered="data-initially-rendered"/>
    <link type="text/css" rel="stylesheet" href="//d3nacp1kuyzyay.cloudfront.net/testingvn.atlassian.net/s/d41d8cd98f00b204e9800998ecf8427e-CDN/-30jg3x/b/6/8bfed4635ea7f72e2da5de961d339c92/_/download/jira-lf-contextbatch/css/jira.global.look-and-feel,-_super/batch.css?adg3Enabled=true&amp;relative-url=true" data-wrm-key="jira.global.look-and-feel,-_super" data-wrm-batch-type="context" media="all"/>
    <meta name="application-name" content="JIRA" data-name="jira" data-version="1001.0.0-SNAPSHOT"/>
  </head>
  <body class="aui-layout aui-style-default page-type-message" id="jira" data-version="1001.0.0-SNAPSHOT">
    <div class="aui-page-panel">
      <div class="aui-page-panel-inner">
        <section class="aui-page-panel-content">
          <header class="aui-page-header">
            <div class="aui-page-header-inner">
              <div class="aui-page-header-main">
                <h1>Unauthorized (401)</h1>
              </div>
            </div>
          </header>
          <div class="aui-message aui-message-warning warning">
            <p>
Encountered a               <code>"401 - Unauthorized"</code>
 error while loading this page.            </p>
            <p>
              <a shape="rect" href="/secure/MyJiraHome.jspa">Go to Jira home</a>
            </p>
          </div>
        </section>
      </div>
    </div>
  </body>
</html>
]]></system-out>
  </testcase>
  <testcase name="getPost" classname="features.testng.jira.testJira" time="2.762"/>
  <testcase name="getTransition" classname="features.testng.jira.testJira" time="2.45">
    <failure message="1 expectation failed.&#10;Expected status code &lt;200&gt; but was &lt;401&gt;.&#10;" type="java.lang.AssertionError"><![CDATA[java.lang.AssertionError: 
1 expectation failed.
Expected status code <200> but was <401>.

	at features.testng.jira.testJira.getTransition(testJira.java:106)
]]></failure>
    <system-out><![CDATA[HTTP/1.1 401 Unauthorized
Server: Atlassian Proxy/0.1.266
WWW-Authenticate: OAuth realm="https%3A%2F%2Ftestingvn.atlassian.net"
Content-Type: text/html;charset=UTF-8
Strict-Transport-Security: max-age=315360000; includeSubDomains; preload
Date: Sat, 23 Jun 2018 15:47:34 GMT
X-AREQUESTID: 6d5e92f8-c721-43d8-b503-1dc0bee999dc
X-XSS-Protection: 1; mode=block
transfer-encoding: chunked
X-Content-Type-Options: nosniff
Connection: keep-alive

<html>
  <head>
    <title>Unauthorized (401)</title>
    <script type="text/javascript">
    var contextPath = '';
    var DeferScripts = { deferState: 'disabled' };
</script>
    <script>
window.WRM=window.WRM||{};window.WRM._unparsedData=window.WRM._unparsedData||{};window.WRM._unparsedErrors=window.WRM._unparsedErrors||{};
WRM._unparsedData["com.atlassian.plugins.atlassian-plugins-webresource-plugin:context-path.context-path"]="\"\"";
WRM._unparsedData["com.atlassian.plugins.atlassian-plugins-webresource-rest:curl.cross-origin-resources"]="false";
WRM._unparsedData["jira.webresources:feature-flags.feature-flag-data"]="{\"enabled-feature-keys\":[\"jira.plugin.devstatus.smartcommits.dvcs.enabled\",\"nps.survey.inline.dialog\",\"com.atlassian.jira.plugins.mail.internal.enabled\",\"sd.new.settings.sidebar.location\",\"atlassian.rest.xsrf.legacy.enabled\",\"dvcs.connector.smartcommits.disabled\",\"unified.usermanagement\",\"com.atlassian.jira.projects.issuenavigator\",\"jira.issue.search.jql.indexprimary.enabled\",\"jira.issue.search.api.indexprimary.enabled\",\"com.atlassian.jira.projects.issue.summary.vignettes\",\"atlassian.aui.raphael.disabled\",\"fusion.dvcs.use_amq_for_executors.enabled\",\"com.atlassian.jira.config.CoreFeatures.PERMISSIONS_MANAGED_BY_UM\",\"com.atlassian.jira.projects.ProjectCentricNavigation.Switch\",\"com.atlassian.jira.config.CoreFeatures.ON_DEMAND\",\"atlassian.plugin.aci.enabled\",\"connect.no-applinks\",\"fusion.dvcs.use_amq_to_invoke_sync.enabled\",\"jira.baseurl.cdn.enabled\",\"fusion.bitbucket.rebrand\",\"com.atlassian.portfolio.integrations.ClassicPlans.disabled\",\"connect.authentication.oauth2.impersonation\",\"sd.email.mailbox.poppy.migration.poppyonly.enabled\",\"dvcs.connector.repositorydao.ao.enabled\",\"fusion.devstatus.devsummary.customfield.jql.enabled\"],\"feature-flag-states\":{\"sd.sla.agent.jql.security.restricted\":true,\"jira.feature.flag.board.issue.modal.labs\":true,\"sd.test.feature.flag.x\":true,\"sd.test.feature.flag.y\":false,\"jira.issue.search.api.databaseonly\":false,\"sd.email.channel.folders\":false,\"jira.issue.search.jql.databaseonly\":false,\"jira.mail.default.mailstore.polling\":true,\"com.atlassian.jira.plugins.mail.size.check\":true,\"jira.instrumentation.laas\":false,\"jira.issue.search.jql.issuepicker.killswitch\":false,\"sd.new.settings.sidebar.location\":true,\"jira.feature.rest.single.step.avatar.upload\":true,\"sd.email.outsider.comments\":false,\"sd.email.add.user.cc\":true,\"jira.login.useBasicAuthFilter\":true,\"jira.ondemand.maintain.trusted.apps\":true,\"jira.mail.fake.default.mail.server\":false,\"jira.issue.search.jql.anonymize\":true,\"com.atlassian.jira.plugins.mail.internal\":false,\"com.atlassian.jira.feature.flag.for.TestFeatureFlagResource\":false,\"com.atlassian.jira.plugins.mail.amq\":true,\"sd.global.portal.search.atlassian.only.tracking\":false,\"jira.feature.flag.board.polling\":true,\"issue.collector.cache.limiter\":true}}";
WRM._unparsedData["jira.webresources:simplified-ux-feature-flags.feature-flag-data"]="{\"isBacklogViewPlanSprintXflowEnabled\":true,\"isGlobalSidebarEnabled\":true,\"isAdg3NewProjectAvatarsEnabled\":true,\"isUserDiscoveryEnabled\":false,\"isGlobalSettingsLandingPageEnable\":false,\"isNewExperienceMenuEnabled\":false,\"isOptinDismissed\":false,\"isUmuxLiteInAdg2Enabled\":false,\"isFiltersDirectoryVersion2Enabled\":false,\"isProjectDirectoryVersion2Enabled\":false,\"isAdg3FeatureStateCheckerEnabled\":false,\"isStickyQuickfilterFixEnabled\":false,\"isUserOptedInSkipped\":false,\"isAgilityProjectFeaturesAllowed\":true,\"isAdg3StylesEnabled\":true,\"isGinFilterDetailsDialogEnabled\":false,\"isChangeboardingOptional\":false,\"isAdg3PINEnabled\":false,\"isUnusedUserPreferencesHidden\":true,\"isPeopleProfileEnabled\":false,\"isProjectLandingEnabled\":false,\"isAdg3ProfilecardEnabled\":true,\"isGraduationWarningVisible\":false,\"isVersionsPageOn\":true,\"isImportIssueButtonEnabled\":true,\"isXflowPagesEnabled\":true,\"isOnboardingProjectSwitcherEnabled\":true,\"isLabsEnabled\":true,\"isOptOutEnabled\":false,\"isUserOptedIn\":false,\"isAdg3ModeOn\":true,\"isOptInEnabled\":false}";
WRM._unparsedData["jira.webresources:default-comment-security-level.DefaultCommentSecurityLevelHelpLink"]="{\"extraClasses\":\"default-comment-level-help\",\"title\":\"Commenting on an Issue\",\"url\":\"https://confluence.atlassian.com/display/JIRACORECLOUD/Editing+and+collaborating+on+issues#Editingandcollaboratingonissues-addcommentsCommentingonissues\",\"isLocal\":false}";
WRM._unparsedData["com.atlassian.jira.jira-client-analytics-plugin:analytics-context-provider.client-analytic-descriptors"]="{\"analyticsResource\":{\"jira-core\":{\"events\":{\"issue.comment.added\":{\"trigger\":\"click #issue-comment-add-submit\",\"properties\":{\"comment-length\":\"value.length #issue-comment-add #comment\"}}}}},\"tenantId\":\"0c11e32a-d58c-43ea-8861-e0709ae10396\",\"env\":\"prod\"}";
WRM._unparsedData["jira.webresources:key-commands.shortcuts"]="[{\"moduleKey\":\"go-to-dashboard-kb-shortcut\",\"keys\":[[\"g\",\"d\"]],\"context\":\"global\",\"op\":\"goTo\",\"param\":\"/secure/Dashboard.jspa\"},{\"moduleKey\":\"browse-project-kb-shortcut\",\"keys\":[[\"g\",\"p\"]],\"context\":\"global\",\"op\":\"execute\",\"param\":\"var elem = jQuery(\\\"#browse_link\\\");\\n                if (elem.length \u003e 0) {\\n                    window.location.href = elem.attr(\\\"href\\\");\\n                }\"},{\"moduleKey\":\"issue-navigator-kb-shortcut\",\"keys\":[[\"g\",\"i\"]],\"context\":\"global\",\"op\":\"execute\",\"param\":\"var elem = jQuery(\\\"#find_link\\\");\\n                if (elem.length \u003e 0) {\\n                    window.location.href = elem.attr(\\\"href\\\");\\n                }\"},{\"moduleKey\":\"admin.quicksearch.dialog.shortcut\",\"keys\":[[\"g\",\"g\"]],\"context\":\"global\",\"op\":\"execute\",\"param\":\"if (AJS.Meta.get(\'admin-quicksearch-show\')) {\\n              JIRA.Shifter.show(\'admin\');\\n            }\"},{\"moduleKey\":\"quicksearch\",\"keys\":[[\"/\"]],\"context\":\"global\",\"op\":\"moveToAndFocus\",\"param\":\"#quickSearchInput, #admin-quick-nav-field\"},{\"moduleKey\":\"create.issue\",\"keys\":[[\"c\"]],\"context\":\"global\",\"op\":\"moveToAndClick\",\"param\":\"#header .create-issue\"},{\"moduleKey\":\"shifter\",\"keys\":[[\".\"]],\"context\":\"global\",\"op\":\"execute\",\"param\":\"JIRA.Shifter.show();\"},{\"moduleKey\":\"help\",\"keys\":[[\"?\"]],\"context\":\"global\",\"op\":\"click\",\"param\":\"#keyshortscuthelp\"}]";
WRM._unparsedData["com.atlassian.plugins.atlassian-connect-plugin:dialog-options.data"]="{\"allJsVersion\":\"1.2.0\",\"dialogOptions\":{},\"inlineDialogOptions\":{},\"dialogModules\":{\"com.atlassian.jira.chat\":{\"stride-create-room-dialog\":{\"url\":\"/static/jiraOldDedicatedRoomsConfig/?issueKey={issue.key}\",\"options\":{\"height\":\"650\",\"header\":{\"value\":\"Title\"},\"width\":\"548\"},\"key\":\"stride-create-room-dialog\"}}}}";
WRM._unparsedData["com.atlassian.plugins.atlassian-connect-plugin:jira-date-picker-widget.config"]="{\"dateFormat\":\"%e/%b/%y\",\"dateTimeFormat\":\"%e/%b/%y %I:%M %p\",\"timeFormat\":\"12\",\"firstDay\":1,\"useISO8601WeekNumbers\":false}";
WRM._unparsedData["com.atlassian.product.fabric.pf-jira-confluence-integration-plugin:app-switcher-initial-resources.cloud-id"]="\"0c11e32a-d58c-43ea-8861-e0709ae10396\"";
WRM._unparsedData["com.atlassian.product.fabric.pf-jira-confluence-integration-plugin:app-switcher-initial-resources.is-anonymous"]="true";
WRM._unparsedData["jira.webresources:dateFormatProvider.dateFormat"]="{\"meridiem\":[\"AM\",\"PM\"],\"eras\":[\"BC\",\"AD\"],\"months\":[\"January\",\"February\",\"March\",\"April\",\"May\",\"June\",\"July\",\"August\",\"September\",\"October\",\"November\",\"December\"],\"monthsShort\":[\"Jan\",\"Feb\",\"Mar\",\"Apr\",\"May\",\"Jun\",\"Jul\",\"Aug\",\"Sep\",\"Oct\",\"Nov\",\"Dec\"],\"weekdaysShort\":[\"Sun\",\"Mon\",\"Tue\",\"Wed\",\"Thu\",\"Fri\",\"Sat\"],\"weekdays\":[\"Sunday\",\"Monday\",\"Tuesday\",\"Wednesday\",\"Thursday\",\"Friday\",\"Saturday\"]}";
WRM._unparsedData["com.atlassian.servicedesk.frontend-webpack-plugin:data-provider.webpack-meta"]="{\"locale\":\"en-US\",\"publicPath\":\"//d3nacp1kuyzyay.cloudfront.net/atl-vertigo--shard-jira-prod-us-1--3--jres.atlassian.net/s/-30jg3x/b/6/1000.3954.0/_/download/resources/com.atlassian.servicedesk.frontend-webpack-plugin:webpack-async-chunks/\"}";
WRM._unparsedData["com.atlassian.applinks.applinks-plugin:applinks-common-exported.applinks-help-paths"]="{\"entries\":{\"applinks.docs.root\":\"https://confluence.atlassian.com/display/APPLINKS-062/\",\"applinks.docs.diagnostics.troubleshoot.sslunmatched\":\"SSL+and+application+link+troubleshooting+guide\",\"applinks.docs.diagnostics.troubleshoot.oauthsignatureinvalid\":\"OAuth+troubleshooting+guide\",\"applinks.docs.diagnostics.troubleshoot.oauthtimestamprefused\":\"OAuth+troubleshooting+guide\",\"applinks.docs.delete.entity.link\":\"Create+links+between+projects\",\"applinks.docs.adding.application.link\":\"Link+Atlassian+applications+to+work+together\",\"applinks.docs.administration.guide\":\"Application+Links+Documentation\",\"applinks.docs.oauth.security\":\"OAuth+security+for+application+links\",\"applinks.docs.troubleshoot.application.links\":\"Troubleshoot+application+links\",\"applinks.docs.diagnostics.troubleshoot.unknownerror\":\"Network+and+connectivity+troubleshooting+guide\",\"applinks.docs.configuring.auth.trusted.apps\":\"Configuring+Trusted+Applications+authentication+for+an+application+link\",\"applinks.docs.diagnostics.troubleshoot.authlevelunsupported\":\"OAuth+troubleshooting+guide\",\"applinks.docs.diagnostics.troubleshoot.ssluntrusted\":\"SSL+and+application+link+troubleshooting+guide\",\"applinks.docs.diagnostics.troubleshoot.unknownhost\":\"Network+and+connectivity+troubleshooting+guide\",\"applinks.docs.delete.application.link\":\"Link+Atlassian+applications+to+work+together\",\"applinks.docs.link.applications\":\"Link+Atlassian+applications+to+work+together\",\"applinks.docs.diagnostics.troubleshoot.oauthproblem\":\"OAuth+troubleshooting+guide\",\"applinks.docs.diagnostics.troubleshoot.migration\":\"Update+application+links+to+use+OAuth\",\"applinks.docs.relocate.application.link\":\"Link+Atlassian+applications+to+work+together\",\"applinks.docs.administering.entity.links\":\"Create+links+between+projects\",\"applinks.docs.upgrade.application.link\":\"OAuth+security+for+application+links\",\"applinks.docs.diagnostics.troubleshoot.connectionrefused\":\"Network+and+connectivity+troubleshooting+guide\",\"applinks.docs.configuring.auth.oauth\":\"OAuth+security+for+application+links\",\"applinks.docs.insufficient.remote.permission\":\"OAuth+security+for+application+links\",\"applinks.docs.configuring.application.link.auth\":\"OAuth+security+for+application+links\",\"applinks.docs.diagnostics\":\"Application+links+diagnostics\",\"applinks.docs.configured.authentication.types\":\"OAuth+security+for+application+links\",\"applinks.docs.adding.entity.link\":\"Create+links+between+projects\",\"applinks.docs.diagnostics.troubleshoot.unexpectedresponse\":\"Network+and+connectivity+troubleshooting+guide\",\"applinks.docs.configuring.auth.basic\":\"Configuring+Basic+HTTP+Authentication+for+an+Application+Link\",\"applinks.docs.diagnostics.troubleshoot.authlevelmismatch\":\"OAuth+troubleshooting+guide\"}}";
WRM._unparsedData["com.atlassian.applinks.applinks-plugin:applinks-common-exported.applinks-types"]="{\"crowd\":\"Crowd\",\"confluence\":\"Confluence\",\"remote.plugin.container\":\"Atlassian Connect\",\"fecru\":\"FishEye / Crucible\",\"stash\":\"Stash\",\"jira\":\"JIRA\",\"bamboo\":\"Bamboo\",\"generic\":\"Generic Application\"}";
WRM._unparsedData["com.atlassian.applinks.applinks-plugin:applinks-common-exported.entity-types"]="{\"singular\":{\"fecru.project\":\"Crucible Project\",\"fecru.repository\":\"FishEye Repository\",\"stash.project\":\"Stash Project\",\"generic.entity\":\"Generic Project\",\"confluence.space\":\"Confluence Space\",\"bamboo.project\":\"Bamboo Project\",\"jira.project\":\"JIRA Project\"},\"plural\":{\"fecru.project\":\"Crucible Projects\",\"fecru.repository\":\"FishEye Repositories\",\"stash.project\":\"Stash Projects\",\"generic.entity\":\"Generic Projects\",\"confluence.space\":\"Confluence Spaces\",\"bamboo.project\":\"Bamboo Projects\",\"jira.project\":\"JIRA Projects\"}}";
WRM._unparsedData["com.atlassian.applinks.applinks-plugin:applinks-common-exported.authentication-types"]="{\"com.atlassian.applinks.api.auth.types.BasicAuthenticationProvider\":\"Basic Access\",\"com.atlassian.applinks.api.auth.types.TrustedAppsAuthenticationProvider\":\"Trusted Applications\",\"com.atlassian.applinks.api.auth.types.CorsAuthenticationProvider\":\"CORS\",\"com.atlassian.applinks.api.auth.types.OAuthAuthenticationProvider\":\"OAuth\",\"com.atlassian.applinks.api.auth.types.TwoLeggedOAuthAuthenticationProvider\":\"OAuth\",\"com.atlassian.applinks.api.auth.types.TwoLeggedOAuthWithImpersonationAuthenticationProvider\":\"OAuth\"}";
WRM._unparsedData["com.atlassian.crowd.user-provisioning-vertigo-plugin:create-users-resources.isSiteAdmin"]="false";
WRM._unparsedData["jira.webresources:avatar-picker.data"]="{\"isEnabled\":true,\"url\":\"/plugins/servlet/redirectToProfile?target=edit-avatar\"}";
WRM._unparsedData["com.atlassian.jira.jira-header-plugin:dismissedFlags.flags"]="{\"dismissed\":[]}";
WRM._unparsedData["com.atlassian.jira.ui.selector:ui-selector.uri-override"]="{\"uri\":\"\"}";
WRM._unparsedData["com.atlassian.servicedesk.core-ui:util-help-links.help-links"]="{\"help\":{\"sla.settings\":\"https://confluence.atlassian.com/display/SERVICEDESKCLOUD/setting+up+slas\",\"email.settings\":\"https://confluence.atlassian.com/display/SERVICEDESKCLOUD/Receiving+requests+by+email\",\"request.type\":\"https://confluence.atlassian.com/display/SERVICEDESKCLOUD/configuring+request+types+and+workflows\",\"servicedesk.organizations\":\"https://confluence.atlassian.com/display/SERVICEDESKCLOUD/Setting+up+service+desk+users#Settingupservicedeskusers-manageorgsManageorganizations\",\"managing.queues\":\"https://confluence.atlassian.com/display/SERVICEDESKCLOUD/Setting+up+queues+for+your+team\",\"servicedesk.users\":\"https://confluence.atlassian.com/display/SERVICEDESKCLOUD/Setting+up+service+desk+users\",\"email.setup\":\"https://confluence.atlassian.com/display/SERVICEDESKCLOUD/Receiving+requests+by+email\",\"documentation.home\":\"https://confluence.atlassian.com/display/SERVICEDESKCLOUD/JIRA+Service+Desk+Documentation\",\"multi.language.portal\":\"https://confluence.atlassian.com/display/SERVICEDESKCLOUD/Translating+your+customer+portal+and+supporting+multiple+languages\",\"default\":\"https://confluence.atlassian.com/display/SERVICEDESKCLOUD/\",\"portal.settings\":\"https://confluence.atlassian.com/display/SERVICEDESKCLOUD/best+practices+for+designing+the+customer+portal\",\"setting.up.reports\":\"https://confluence.atlassian.com/display/SERVICEDESKCLOUD/Setting+up+service+desk+reports\",\"getting.started.agent\":\"https://confluence.atlassian.com/display/SERVICEDESKCLOUD/Getting+started+for+service+desk+agents\",\"queues.setup\":\"https://confluence.atlassian.com/display/SERVICEDESKCLOUD/setting+up+queues+for+your+team\",\"request.settings.help.bubble\":\"https://confluence.atlassian.com/display/SERVICEDESKCLOUD/Managing+access+to+your+service+desk\",\"email.settings.suitablerequest\":\"https://confluence.atlassian.com/display/SERVICEDESKCLOUD/Receiving+requests+by+email#Receivingrequestsbyemail-suitablerequest\",\"servicedesk.software.teams\":\"https://confluence.atlassian.com/display/SERVICEDESKCLOUD/best+practices+for+software+teams+using+jira+service+desk\",\"create.space.help\":\"https://confluence.atlassian.com/display/SERVICEDESKCLOUD/Serving+customers+with+a+knowledge+base#serving-customers-with-a-knowledge-base-createpermission\",\"email.settings.troubleshooting\":\"https://confluence.atlassian.com/display/SERVICEDESKCLOUD/Troubleshooting+issues+with+the+email+channel\",\"admin.notifications.config\":\"https://confluence.atlassian.com/display/SERVICEDESKCLOUD/Managing+service+desk+notifications\",\"troubleshoot.requesttype\":\"https://confluence.atlassian.com/display/SERVICEDESKCLOUD/Troubleshooting+issues+with+request+types\",\"approvals.configuration\":\"https://confluence.atlassian.com/display/SERVICEDESKCLOUD/Configuring+JIRA+Service+Desk+approvals\",\"public.signup\":\"https://confluence.atlassian.com/display/SERVICEDESKCLOUD/Configuring+public+signup\",\"knowledge.base\":\"https://confluence.atlassian.com/display/SERVICEDESKCLOUD/Serving+customers+with+a+knowledge+base\",\"resolve.permission.scheme.errors\":\"https://confluence.atlassian.com/display/SERVICEDESKCLOUD/Resolving+permission+scheme+errors\",\"getting.started\":\"https://confluence.atlassian.com/display/SERVICEDESKCLOUD/Getting+started+with+JIRA+Service+Desk\",\"invite.customers\":\"https://confluence.atlassian.com/display/SERVICEDESKCLOUD/Managing+access+to+your+service+desk\"},\"kb\":{\"default\":\"https://confluence.atlassian.com/display/SDKB/\",\"legacytransition\":\"https://confluence.atlassian.com/display/SDKB/Replacing+legacy+automatic+transitions+with+automation+rules\",\"umtroubleshoot\":\"https://confluence.atlassian.com/display/SDKB/Troubleshooting+issues+with+service+desk+user+management\"}}";
WRM._unparsedData["com.atlassian.servicedesk.core-ui:util-base-url.base-url"]="\"https://testingvn.atlassian.net\"";
WRM._unparsedData["com.atlassian.jira.ext.calendar:tipDataProvider.tip"]="{\"suppressTip\":false}";
WRM._unparsedData["com.atlassian.jira.jira-tzdetect-plugin:tzdetect-lib.time-zone-data"]="{\"julyOffset\":25200000,\"tzid\":\"Asia/Jakarta\",\"tzname\":\"(GMT+07:00) Jakarta\",\"janOffset\":25200000,\"enabled\":false}";
WRM._unparsedData["com.atlassian.labs.hipchat.hipchat-for-jira-plugin:resources-init.is-hipchat-enabled-data-provider"]="false";
WRM._unparsedData["jira.webresources:user-message-flags.adminLockout"]="{}";
WRM._unparsedData["com.atlassian.plugins.helptips.jira-help-tips:help-tip-manager.JiraHelpTipData"]="{\"anonymous\":true}";
if(window.WRM._dataArrived)window.WRM._dataArrived();</script>
    <link type="text/css" rel="stylesheet" href="//d3nacp1kuyzyay.cloudfront.net/atl-vertigo--shard-jira-prod-us-1--3--jres.atlassian.net/s/d41d8cd98f00b204e9800998ecf8427e-CDN/-30jg3x/b/6/4f9a9a37cb0ca9d1c8a5039ae4ca1f68/_/download/contextbatch/css/_super/batch.css?adg3Enabled=true&amp;relative-url=true" data-wrm-key="_super" data-wrm-batch-type="context" media="all"/>
    <link type="text/css" rel="stylesheet" href="//d3nacp1kuyzyay.cloudfront.net/atl-vertigo--shard-jira-prod-us-1--3--jres.atlassian.net/s/d41d8cd98f00b204e9800998ecf8427e-CDN/-30jg3x/b/6/1340787ffe2854c566c2e8211676d9e4/_/download/contextbatch/css/atl.general,jira.general,atl.global,jira.global,-_super/batch.css?adg3Enabled=true&amp;agile_global_admin_condition=true&amp;devsummary=true&amp;globalSidebarEnabled=true&amp;jag=true&amp;relative-url=true" data-wrm-key="atl.general,jira.general,atl.global,jira.global,-_super" data-wrm-batch-type="context" media="all"/>
    <script type="text/javascript" src="//d3nacp1kuyzyay.cloudfront.net/atl-vertigo--shard-jira-prod-us-1--3--jres.atlassian.net/s/d41d8cd98f00b204e9800998ecf8427e-CDN/-30jg3x/b/6/bbdf4ade4647f633cb51ebf35be75786/_/download/contextbatch/js/_super/batch.js?adg3Enabled=true&amp;locale=en-US" data-wrm-key="_super" data-wrm-batch-type="context" data-initially-rendered="data-initially-rendered"/>
    <script type="text/javascript" src="//d3nacp1kuyzyay.cloudfront.net/atl-vertigo--shard-jira-prod-us-1--3--jres.atlassian.net/s/d41d8cd98f00b204e9800998ecf8427e-CDN/-30jg3x/b/6/ac286b2eaefe0bed132c45e22b8c4b1f/_/download/contextbatch/js/atl.general,jira.general,atl.global,jira.global,-_super/batch.js?adg3Enabled=true&amp;agile_global_admin_condition=true&amp;devsummary=true&amp;globalSidebarEnabled=true&amp;jag=true&amp;locale=en-US" data-wrm-key="atl.general,jira.general,atl.global,jira.global,-_super" data-wrm-batch-type="context" data-initially-rendered="data-initially-rendered"/>
    <script type="text/javascript" src="//d3nacp1kuyzyay.cloudfront.net/atl-vertigo--shard-jira-prod-us-1--3--jres.atlassian.net/s/d41d8cd98f00b204e9800998ecf8427e-CDN/-30jg3x/b/6/9bfbe78980c18e5e8c2dba0ea7f0ef59/_/download/batch/com.pyxis.greenhopper.jira:gh-create-board-adg3-no-condition/com.pyxis.greenhopper.jira:gh-create-board-adg3-no-condition.js" data-wrm-key="com.pyxis.greenhopper.jira:gh-create-board-adg3-no-condition" data-wrm-batch-type="resource" data-initially-rendered="data-initially-rendered"/>
    <link type="text/css" rel="stylesheet" href="//d3nacp1kuyzyay.cloudfront.net/testingvn.atlassian.net/s/d41d8cd98f00b204e9800998ecf8427e-CDN/-30jg3x/b/6/8bfed4635ea7f72e2da5de961d339c92/_/download/jira-lf-contextbatch/css/jira.global.look-and-feel,-_super/batch.css?adg3Enabled=true&amp;relative-url=true" data-wrm-key="jira.global.look-and-feel,-_super" data-wrm-batch-type="context" media="all"/>
    <meta name="application-name" content="JIRA" data-name="jira" data-version="1001.0.0-SNAPSHOT"/>
  </head>
  <body class="aui-layout aui-style-default page-type-message" id="jira" data-version="1001.0.0-SNAPSHOT">
    <div class="aui-page-panel">
      <div class="aui-page-panel-inner">
        <section class="aui-page-panel-content">
          <header class="aui-page-header">
            <div class="aui-page-header-inner">
              <div class="aui-page-header-main">
                <h1>Unauthorized (401)</h1>
              </div>
            </div>
          </header>
          <div class="aui-message aui-message-warning warning">
            <p>
Encountered a               <code>"401 - Unauthorized"</code>
 error while loading this page.            </p>
            <p>
              <a shape="rect" href="/secure/MyJiraHome.jspa">Go to Jira home</a>
            </p>
          </div>
        </section>
      </div>
    </div>
  </body>
</html>
]]></system-out>
  </testcase>
  <testcase name="postBug" classname="features.testng.jira.testJira" time="0.53"/>
</testsuite>